#
# A fatal error has been detected by the Java Runtime Environment:
#
#  SIGSEGV (0xb) at pc=0x00007f15fdee6ade, pid=32395, tid=32414
#
# JRE version: Java(TM) SE Runtime Environment (9.0+11) (build 9.0.4+11)
# Java VM: Java HotSpot(TM) 64-Bit Server VM (9.0.4+11, mixed mode, tiered, compressed oops, g1 gc, linux-amd64)
# Problematic frame:
# V  [libjvm.so+0x812ade]  InstanceKlass::allocate_instance(Thread*)+0xae
#
# Core dump will be written. Default location: Core dumps may be processed with "/usr/share/apport/apport %p %s %c %d %P" (or dumping to /home/ctrlaltv/Dropbox/KULeuven/courses/bdap/assignment3/core.32395)
#
# If you would like to submit a bug report, please visit:
#   http://bugreport.java.com/bugreport/crash.jsp
#

---------------  S U M M A R Y ------------

Command Line: -agentlib:jdwp=transport=dt_socket,address=127.0.0.1:43196,suspend=y,server=n -javaagent:/opt/idea-IU-181.4203.550/lib/rt/debugger-agent.jar=file:/tmp/capture.props -Dfile.encoding=UTF-8 Experiments /home/ctrlaltv/Dropbox/KULeuven/courses/bdap/assignment3/IndexStructures/data/beer.data 326 ;

Host: Intel(R) Core(TM) i7-4500U CPU @ 1.80GHz, 4 cores, 7G, Ubuntu 16.04.4 LTS
Time: Tue Apr  3 17:29:46 2018 EEST elapsed time: 5955 seconds (0d 1h 39m 15s)

---------------  T H R E A D  ---------------

Current thread (0x00007f15f815a800):  VMThread "VM Thread" [stack: 0x00007f15b08fd000,0x00007f15b09fd000] [id=32414]

Stack: [0x00007f15b08fd000,0x00007f15b09fd000],  sp=0x00007f15b09fb290,  free space=1016k
Native frames: (J=compiled Java code, A=aot compiled Java code, j=interpreted, Vv=VM code, C=native code)
V  [libjvm.so+0x812ade]  InstanceKlass::allocate_instance(Thread*)+0xae
V  [libjvm.so+0x83ee9d]  java_lang_String::basic_create(int, bool, Thread*)+0x2d
V  [libjvm.so+0x83f125]  java_lang_String::create_from_str(char const*, Thread*)+0x45
V  [libjvm.so+0x70755d]  Exceptions::new_exception(Thread*, Symbol*, char const*, Exceptions::ExceptionMsgToUtf8Mode)+0x10d
V  [libjvm.so+0x7a97b6]  GenerateOopMap::verify_error(char const*, ...)+0x86
V  [libjvm.so+0x7a9e69]  GenerateOopMap::init_basic_blocks()+0x2f9
V  [libjvm.so+0x7b01d8]  GenerateOopMap::do_interpretation()+0x58
V  [libjvm.so+0x7b05fb]  GenerateOopMap::compute_map(Thread*)+0x26b
V  [libjvm.so+0xb5a587]  OopMapForCacheEntry::compute_map(Thread*)+0x67
V  [libjvm.so+0xb5b1fc]  OopMapCacheEntry::fill(methodHandle, int)+0x12c
V  [libjvm.so+0xb5ba42]  OopMapCache::compute_one_oop_map(methodHandle const&, int, InterpreterOopMap*)+0x102
V  [libjvm.so+0xb5bd56]  OopMapCache::lookup(methodHandle const&, int, InterpreterOopMap*) const+0x216
V  [libjvm.so+0xafb584]  Method::mask_for(int, InterpreterOopMap*)+0x74
V  [libjvm.so+0x9a5a4d]  VM_GetOrSetLocal::doit()+0x4d
V  [libjvm.so+0xd5d4f9]  VM_Operation::evaluate()+0x59
V  [libjvm.so+0xd5b243]  VMThread::evaluate_operation(VM_Operation*)+0xc3
V  [libjvm.so+0xd5b7b0]  VMThread::loop()+0x210
V  [libjvm.so+0xd5bcc2]  VMThread::run()+0x72
V  [libjvm.so+0xb6e132]  thread_native_entry(Thread*)+0xf2


siginfo: si_signo: 11 (SIGSEGV), si_code: 1 (SEGV_MAPERR), si_addr: 0x000000020078013a

Register to memory mapping:

RAX=0x0000000200780146 is an unknown value
RBX=0x000000020078012e is an unknown value
RCX=0x0000000000000000 is an unknown value
RDX=0x002020070058203b is an unknown value
RSP=0x00007f15b09fb290 is an unknown value
RBP=0x00007f15b09fb2f0 is an unknown value
RSI=0x00007f15f815a800 is an unknown value
RDI=0x00000001000016d0 is pointing into metadata
R8 =0x000000000000003e is an unknown value
R9 =0x000000000000003e is an unknown value
R10=0x0000000000000006 is an unknown value
R11=0x00007f15f80f6ff0 is an unknown value
R12=0x00007f15f815a800 is an unknown value
R13=0x000000000000004e is an unknown value
R14=0x00007f15fea05539: <offset 0x0000000001331539> in /usr/lib/jvm/java-9-oracle/lib/server/libjvm.so at 0x00007f15fd6d4000
R15=0x0000000000000003 is an unknown value


Registers:
RAX=0x0000000200780146, RBX=0x000000020078012e, RCX=0x0000000000000000, RDX=0x002020070058203b
RSP=0x00007f15b09fb290, RBP=0x00007f15b09fb2f0, RSI=0x00007f15f815a800, RDI=0x00000001000016d0
R8 =0x000000000000003e, R9 =0x000000000000003e, R10=0x0000000000000006, R11=0x00007f15f80f6ff0
R12=0x00007f15f815a800, R13=0x000000000000004e, R14=0x00007f15fea05539, R15=0x0000000000000003
RIP=0x00007f15fdee6ade, EFLAGS=0x0000000000010202, CSGSFS=0x0000000000000033, ERR=0x0000000000000006
  TRAPNO=0x000000000000000e

Top of Stack: (sp=0x00007f15b09fb290)
0x00007f15b09fb290:   0000000000000000 0020003100000003
0x00007f15b09fb2a0:   00000001000016d0 0000000000000000
0x00007f15b09fb2b0:   0000000000000000 0000000000000000
0x00007f15b09fb2c0:   00000000ffffffff 00007f15f815a800 

Instructions: (pc=0x00007f15fdee6ade)
0x00007f15fdee6abe:   24 08 48 85 c0 0f 85 f7 00 00 00 4c 8d 35 69 ea
0x00007f15fdee6ace:   b1 00 41 80 3e 00 0f 84 46 01 00 00 49 83 ff 02
0x00007f15fdee6ade:   c7 43 0c 00 00 00 00 48 8d 7b 10 49 8d 47 fd 74
0x00007f15fdee6aee:   0f 48 8d 14 c5 08 00 00 00 31 f6 e8 32 f5 a5 ff 

VM_Operation (0x00007f158b9d2a80): GetOrSetLocal, mode: safepoint, requested by thread 0x00007f15f8261000


---------------  P R O C E S S  ---------------

Java Threads: ( => current thread )
  0x00007f15f8293000 JavaThread "Service Thread" daemon [_thread_blocked, id=32432, stack(0x00007f158b5d0000,0x00007f158b6d1000)]
  0x00007f1578001000 JavaThread "JDWP Command Reader" daemon [_thread_in_native, id=32431, stack(0x00007f158b6d1000,0x00007f158b7d2000)]
  0x00007f15f8265000 JavaThread "JDWP Event Helper Thread" daemon [_thread_blocked, id=32430, stack(0x00007f158b7d2000,0x00007f158b8d3000)]
  0x00007f15f8261000 JavaThread "JDWP Transport Listener: dt_socket" daemon [_thread_blocked, id=32427, stack(0x00007f158b8d3000,0x00007f158b9d4000)]
  0x00007f15f81cb000 JavaThread "Common-Cleaner" daemon [_thread_blocked, id=32423, stack(0x00007f15b00f4000,0x00007f15b01f5000)]
  0x00007f15f818e800 JavaThread "Sweeper thread" daemon [_thread_blocked, id=32422, stack(0x00007f15b01f5000,0x00007f15b02f6000)]
  0x00007f15f818c800 JavaThread "C1 CompilerThread2" daemon [_thread_blocked, id=32421, stack(0x00007f15b02f6000,0x00007f15b03f7000)]
  0x00007f15f818a800 JavaThread "C2 CompilerThread1" daemon [_thread_blocked, id=32420, stack(0x00007f15b03f7000,0x00007f15b04f8000)]
  0x00007f15f8188800 JavaThread "C2 CompilerThread0" daemon [_thread_blocked, id=32419, stack(0x00007f15b04f8000,0x00007f15b05f9000)]
  0x00007f15f8187000 JavaThread "Signal Dispatcher" daemon [_thread_blocked, id=32418, stack(0x00007f15b05f9000,0x00007f15b06fa000)]
  0x00007f15f816c800 JavaThread "Finalizer" daemon [_thread_blocked, id=32417, stack(0x00007f15b06fa000,0x00007f15b07fb000)]
  0x00007f15f8164800 JavaThread "Reference Handler" daemon [_thread_blocked, id=32416, stack(0x00007f15b07fb000,0x00007f15b08fc000)]
  0x00007f15f8015000 JavaThread "main" [_thread_blocked, id=32397, stack(0x00007f15ff75b000,0x00007f15ff85b000)]

Other Threads:
=>0x00007f15f815a800 VMThread "VM Thread" [stack: 0x00007f15b08fd000,0x00007f15b09fd000] [id=32414]
  0x00007f15f8297000 WatcherThread [stack: 0x00007f158b4d0000,0x00007f158b5d0000] [id=32433]
  0x00007f15f802d000 GCTaskThread "GC Thread#0" [stack: 0x00007f15dd227000,0x00007f15dd327000] [id=32398]
  0x00007f15f802e800 GCTaskThread "GC Thread#1" [stack: 0x00007f15dd126000,0x00007f15dd226000] [id=32399]
  0x00007f15f8030000 GCTaskThread "GC Thread#2" [stack: 0x00007f15dd025000,0x00007f15dd125000] [id=32400]
  0x00007f15f8032000 GCTaskThread "GC Thread#3" [stack: 0x00007f15dcf24000,0x00007f15dd024000] [id=32401]
  0x00007f15f8060000 ConcurrentGCThread "G1 Main Marker" [stack: 0x00007f15dc140000,0x00007f15dc240000] [id=32407]
  0x00007f15f8062000 ConcurrentGCThread "G1 Marker#0" [stack: 0x00007f15dc03f000,0x00007f15dc13f000] [id=32408]
  0x00007f15f8039000 ConcurrentGCThread "G1 Refine#0" [stack: 0x00007f15dc71c000,0x00007f15dc81c000] [id=32405]
  0x00007f15f8037800 ConcurrentGCThread "G1 Refine#1" [stack: 0x00007f15dc81d000,0x00007f15dc91d000] [id=32404]
  0x00007f15f8035800 ConcurrentGCThread "G1 Refine#2" [stack: 0x00007f15dc91e000,0x00007f15dca1e000] [id=32403]
  0x00007f15f8034000 ConcurrentGCThread "G1 Refine#3" [stack: 0x00007f15dca1f000,0x00007f15dcb1f000] [id=32402]
  0x00007f15f803b000 ConcurrentGCThread "G1 Young RemSet Sampling" [stack: 0x00007f15dc61b000,0x00007f15dc71b000] [id=32406]

Threads with active compile tasks:

VM state:at safepoint (normal execution)

VM Mutex/Monitor currently owned by a thread:  ([mutex/lock_event])
[0x00007f15f8011630] Threads_lock - owner thread: 0x00007f15f815a800

Heap address: 0x0000000084c00000, size: 1972 MB, Compressed Oops mode: 32-bit
Narrow klass base: 0x0000000000000000, Narrow klass shift: 3
Compressed class space size: 1073741824 Address: 0x0000000100000000

Heap:
 garbage-first heap   total 126976K, used 2048K [0x0000000084c00000, 0x0000000084d003e0, 0x0000000100000000)
  region size 1024K, 3 young (3072K), 0 survivors (0K)
 Metaspace       used 5329K, capacity 5456K, committed 5632K, reserved 1056768K
  class space    used 445K, capacity 496K, committed 512K, reserved 1048576K
Heap Regions: E=young(eden), S=young(survivor), O=old, HS=humongous(starts), HC=humongous(continues), CS=collection set, F=free, A=archive, TS=gc time stamp, AC=allocation context, TAMS=top-at-mark-start (previous, next)
|   0|0x0000000084c00000, 0x0000000084c00000, 0x0000000084d00000|  0%| F|  |TS  0|AC  0|TAMS 0x0000000084c00000, 0x0000000084c00000|
|   1|0x0000000084d00000, 0x0000000084d00000, 0x0000000084e00000|  0%| F|  |TS  0|AC  0|TAMS 0x0000000084d00000, 0x0000000084d00000|
|   2|0x0000000084e00000, 0x0000000084e00000, 0x0000000084f00000|  0%| F|  |TS  0|AC  0|TAMS 0x0000000084e00000, 0x0000000084e00000|
|   3|0x0000000084f00000, 0x0000000084f00000, 0x0000000085000000|  0%| F|  |TS  0|AC  0|TAMS 0x0000000084f00000, 0x0000000084f00000|
|   4|0x0000000085000000, 0x0000000085000000, 0x0000000085100000|  0%| F|  |TS  0|AC  0|TAMS 0x0000000085000000, 0x0000000085000000|
|   5|0x0000000085100000, 0x0000000085100000, 0x0000000085200000|  0%| F|  |TS  0|AC  0|TAMS 0x0000000085100000, 0x0000000085100000|
|   6|0x0000000085200000, 0x0000000085200000, 0x0000000085300000|  0%| F|  |TS  0|AC  0|TAMS 0x0000000085200000, 0x0000000085200000|
|   7|0x0000000085300000, 0x0000000085300000, 0x0000000085400000|  0%| F|  |TS  0|AC  0|TAMS 0x0000000085300000, 0x0000000085300000|
|   8|0x0000000085400000, 0x0000000085400000, 0x0000000085500000|  0%| F|  |TS  0|AC  0|TAMS 0x0000000085400000, 0x0000000085400000|
|   9|0x0000000085500000, 0x0000000085500000, 0x0000000085600000|  0%| F|  |TS  0|AC  0|TAMS 0x0000000085500000, 0x0000000085500000|
|  10|0x0000000085600000, 0x0000000085600000, 0x0000000085700000|  0%| F|  |TS  0|AC  0|TAMS 0x0000000085600000, 0x0000000085600000|
|  11|0x0000000085700000, 0x0000000085700000, 0x0000000085800000|  0%| F|  |TS  0|AC  0|TAMS 0x0000000085700000, 0x0000000085700000|
|  12|0x0000000085800000, 0x0000000085800000, 0x0000000085900000|  0%| F|  |TS  0|AC  0|TAMS 0x0000000085800000, 0x0000000085800000|
|  13|0x0000000085900000, 0x0000000085900000, 0x0000000085a00000|  0%| F|  |TS  0|AC  0|TAMS 0x0000000085900000, 0x0000000085900000|
|  14|0x0000000085a00000, 0x0000000085a00000, 0x0000000085b00000|  0%| F|  |TS  0|AC  0|TAMS 0x0000000085a00000, 0x0000000085a00000|
|  15|0x0000000085b00000, 0x0000000085b00000, 0x0000000085c00000|  0%| F|  |TS  0|AC  0|TAMS 0x0000000085b00000, 0x0000000085b00000|
|  16|0x0000000085c00000, 0x0000000085c00000, 0x0000000085d00000|  0%| F|  |TS  0|AC  0|TAMS 0x0000000085c00000, 0x0000000085c00000|
|  17|0x0000000085d00000, 0x0000000085d00000, 0x0000000085e00000|  0%| F|  |TS  0|AC  0|TAMS 0x0000000085d00000, 0x0000000085d00000|
|  18|0x0000000085e00000, 0x0000000085e00000, 0x0000000085f00000|  0%| F|  |TS  0|AC  0|TAMS 0x0000000085e00000, 0x0000000085e00000|
|  19|0x0000000085f00000, 0x0000000085f00000, 0x0000000086000000|  0%| F|  |TS  0|AC  0|TAMS 0x0000000085f00000, 0x0000000085f00000|
|  20|0x0000000086000000, 0x0000000086000000, 0x0000000086100000|  0%| F|  |TS  0|AC  0|TAMS 0x0000000086000000, 0x0000000086000000|
|  21|0x0000000086100000, 0x0000000086100000, 0x0000000086200000|  0%| F|  |TS  0|AC  0|TAMS 0x0000000086100000, 0x0000000086100000|
|  22|0x0000000086200000, 0x0000000086200000, 0x0000000086300000|  0%| F|  |TS  0|AC  0|TAMS 0x0000000086200000, 0x0000000086200000|
|  23|0x0000000086300000, 0x0000000086300000, 0x0000000086400000|  0%| F|  |TS  0|AC  0|TAMS 0x0000000086300000, 0x0000000086300000|
|  24|0x0000000086400000, 0x0000000086400000, 0x0000000086500000|  0%| F|  |TS  0|AC  0|TAMS 0x0000000086400000, 0x0000000086400000|
|  25|0x0000000086500000, 0x0000000086500000, 0x0000000086600000|  0%| F|  |TS  0|AC  0|TAMS 0x0000000086500000, 0x0000000086500000|
|  26|0x0000000086600000, 0x0000000086600000, 0x0000000086700000|  0%| F|  |TS  0|AC  0|TAMS 0x0000000086600000, 0x0000000086600000|
|  27|0x0000000086700000, 0x0000000086700000, 0x0000000086800000|  0%| F|  |TS  0|AC  0|TAMS 0x0000000086700000, 0x0000000086700000|
|  28|0x0000000086800000, 0x0000000086800000, 0x0000000086900000|  0%| F|  |TS  0|AC  0|TAMS 0x0000000086800000, 0x0000000086800000|
|  29|0x0000000086900000, 0x0000000086900000, 0x0000000086a00000|  0%| F|  |TS  0|AC  0|TAMS 0x0000000086900000, 0x0000000086900000|
|  30|0x0000000086a00000, 0x0000000086a00000, 0x0000000086b00000|  0%| F|  |TS  0|AC  0|TAMS 0x0000000086a00000, 0x0000000086a00000|
|  31|0x0000000086b00000, 0x0000000086b00000, 0x0000000086c00000|  0%| F|  |TS  0|AC  0|TAMS 0x0000000086b00000, 0x0000000086b00000|
|  32|0x0000000086c00000, 0x0000000086c00000, 0x0000000086d00000|  0%| F|  |TS  0|AC  0|TAMS 0x0000000086c00000, 0x0000000086c00000|
|  33|0x0000000086d00000, 0x0000000086d00000, 0x0000000086e00000|  0%| F|  |TS  0|AC  0|TAMS 0x0000000086d00000, 0x0000000086d00000|
|  34|0x0000000086e00000, 0x0000000086e00000, 0x0000000086f00000|  0%| F|  |TS  0|AC  0|TAMS 0x0000000086e00000, 0x0000000086e00000|
|  35|0x0000000086f00000, 0x0000000086f00000, 0x0000000087000000|  0%| F|  |TS  0|AC  0|TAMS 0x0000000086f00000, 0x0000000086f00000|
|  36|0x0000000087000000, 0x0000000087000000, 0x0000000087100000|  0%| F|  |TS  0|AC  0|TAMS 0x0000000087000000, 0x0000000087000000|
|  37|0x0000000087100000, 0x0000000087100000, 0x0000000087200000|  0%| F|  |TS  0|AC  0|TAMS 0x0000000087100000, 0x0000000087100000|
|  38|0x0000000087200000, 0x0000000087200000, 0x0000000087300000|  0%| F|  |TS  0|AC  0|TAMS 0x0000000087200000, 0x0000000087200000|
|  39|0x0000000087300000, 0x0000000087300000, 0x0000000087400000|  0%| F|  |TS  0|AC  0|TAMS 0x0000000087300000, 0x0000000087300000|
|  40|0x0000000087400000, 0x0000000087400000, 0x0000000087500000|  0%| F|  |TS  0|AC  0|TAMS 0x0000000087400000, 0x0000000087400000|
|  41|0x0000000087500000, 0x0000000087500000, 0x0000000087600000|  0%| F|  |TS  0|AC  0|TAMS 0x0000000087500000, 0x0000000087500000|
|  42|0x0000000087600000, 0x0000000087600000, 0x0000000087700000|  0%| F|  |TS  0|AC  0|TAMS 0x0000000087600000, 0x0000000087600000|
|  43|0x0000000087700000, 0x0000000087700000, 0x0000000087800000|  0%| F|  |TS  0|AC  0|TAMS 0x0000000087700000, 0x0000000087700000|
|  44|0x0000000087800000, 0x0000000087800000, 0x0000000087900000|  0%| F|  |TS  0|AC  0|TAMS 0x0000000087800000, 0x0000000087800000|
|  45|0x0000000087900000, 0x0000000087900000, 0x0000000087a00000|  0%| F|  |TS  0|AC  0|TAMS 0x0000000087900000, 0x0000000087900000|
|  46|0x0000000087a00000, 0x0000000087a00000, 0x0000000087b00000|  0%| F|  |TS  0|AC  0|TAMS 0x0000000087a00000, 0x0000000087a00000|
|  47|0x0000000087b00000, 0x0000000087b00000, 0x0000000087c00000|  0%| F|  |TS  0|AC  0|TAMS 0x0000000087b00000, 0x0000000087b00000|
|  48|0x0000000087c00000, 0x0000000087c00000, 0x0000000087d00000|  0%| F|  |TS  0|AC  0|TAMS 0x0000000087c00000, 0x0000000087c00000|
|  49|0x0000000087d00000, 0x0000000087d00000, 0x0000000087e00000|  0%| F|  |TS  0|AC  0|TAMS 0x0000000087d00000, 0x0000000087d00000|
|  50|0x0000000087e00000, 0x0000000087e00000, 0x0000000087f00000|  0%| F|  |TS  0|AC  0|TAMS 0x0000000087e00000, 0x0000000087e00000|
|  51|0x0000000087f00000, 0x0000000087f00000, 0x0000000088000000|  0%| F|  |TS  0|AC  0|TAMS 0x0000000087f00000, 0x0000000087f00000|
|  52|0x0000000088000000, 0x0000000088000000, 0x0000000088100000|  0%| F|  |TS  0|AC  0|TAMS 0x0000000088000000, 0x0000000088000000|
|  53|0x0000000088100000, 0x0000000088100000, 0x0000000088200000|  0%| F|  |TS  0|AC  0|TAMS 0x0000000088100000, 0x0000000088100000|
|  54|0x0000000088200000, 0x0000000088200000, 0x0000000088300000|  0%| F|  |TS  0|AC  0|TAMS 0x0000000088200000, 0x0000000088200000|
|  55|0x0000000088300000, 0x0000000088300000, 0x0000000088400000|  0%| F|  |TS  0|AC  0|TAMS 0x0000000088300000, 0x0000000088300000|
|  56|0x0000000088400000, 0x0000000088400000, 0x0000000088500000|  0%| F|  |TS  0|AC  0|TAMS 0x0000000088400000, 0x0000000088400000|
|  57|0x0000000088500000, 0x0000000088500000, 0x0000000088600000|  0%| F|  |TS  0|AC  0|TAMS 0x0000000088500000, 0x0000000088500000|
|  58|0x0000000088600000, 0x0000000088600000, 0x0000000088700000|  0%| F|  |TS  0|AC  0|TAMS 0x0000000088600000, 0x0000000088600000|
|  59|0x0000000088700000, 0x0000000088700000, 0x0000000088800000|  0%| F|  |TS  0|AC  0|TAMS 0x0000000088700000, 0x0000000088700000|
|  60|0x0000000088800000, 0x0000000088800000, 0x0000000088900000|  0%| F|  |TS  0|AC  0|TAMS 0x0000000088800000, 0x0000000088800000|
|  61|0x0000000088900000, 0x0000000088900000, 0x0000000088a00000|  0%| F|  |TS  0|AC  0|TAMS 0x0000000088900000, 0x0000000088900000|
|  62|0x0000000088a00000, 0x0000000088a00000, 0x0000000088b00000|  0%| F|  |TS  0|AC  0|TAMS 0x0000000088a00000, 0x0000000088a00000|
|  63|0x0000000088b00000, 0x0000000088b00000, 0x0000000088c00000|  0%| F|  |TS  0|AC  0|TAMS 0x0000000088b00000, 0x0000000088b00000|
|  64|0x0000000088c00000, 0x0000000088c00000, 0x0000000088d00000|  0%| F|  |TS  0|AC  0|TAMS 0x0000000088c00000, 0x0000000088c00000|
|  65|0x0000000088d00000, 0x0000000088d00000, 0x0000000088e00000|  0%| F|  |TS  0|AC  0|TAMS 0x0000000088d00000, 0x0000000088d00000|
|  66|0x0000000088e00000, 0x0000000088e00000, 0x0000000088f00000|  0%| F|  |TS  0|AC  0|TAMS 0x0000000088e00000, 0x0000000088e00000|
|  67|0x0000000088f00000, 0x0000000088f00000, 0x0000000089000000|  0%| F|  |TS  0|AC  0|TAMS 0x0000000088f00000, 0x0000000088f00000|
|  68|0x0000000089000000, 0x0000000089000000, 0x0000000089100000|  0%| F|  |TS  0|AC  0|TAMS 0x0000000089000000, 0x0000000089000000|
|  69|0x0000000089100000, 0x0000000089100000, 0x0000000089200000|  0%| F|  |TS  0|AC  0|TAMS 0x0000000089100000, 0x0000000089100000|
|  70|0x0000000089200000, 0x0000000089200000, 0x0000000089300000|  0%| F|  |TS  0|AC  0|TAMS 0x0000000089200000, 0x0000000089200000|
|  71|0x0000000089300000, 0x0000000089300000, 0x0000000089400000|  0%| F|  |TS  0|AC  0|TAMS 0x0000000089300000, 0x0000000089300000|
|  72|0x0000000089400000, 0x0000000089400000, 0x0000000089500000|  0%| F|  |TS  0|AC  0|TAMS 0x0000000089400000, 0x0000000089400000|
|  73|0x0000000089500000, 0x0000000089500000, 0x0000000089600000|  0%| F|  |TS  0|AC  0|TAMS 0x0000000089500000, 0x0000000089500000|
|  74|0x0000000089600000, 0x0000000089600000, 0x0000000089700000|  0%| F|  |TS  0|AC  0|TAMS 0x0000000089600000, 0x0000000089600000|
|  75|0x0000000089700000, 0x0000000089700000, 0x0000000089800000|  0%| F|  |TS  0|AC  0|TAMS 0x0000000089700000, 0x0000000089700000|
|  76|0x0000000089800000, 0x0000000089800000, 0x0000000089900000|  0%| F|  |TS  0|AC  0|TAMS 0x0000000089800000, 0x0000000089800000|
|  77|0x0000000089900000, 0x0000000089900000, 0x0000000089a00000|  0%| F|  |TS  0|AC  0|TAMS 0x0000000089900000, 0x0000000089900000|
|  78|0x0000000089a00000, 0x0000000089a00000, 0x0000000089b00000|  0%| F|  |TS  0|AC  0|TAMS 0x0000000089a00000, 0x0000000089a00000|
|  79|0x0000000089b00000, 0x0000000089b00000, 0x0000000089c00000|  0%| F|  |TS  0|AC  0|TAMS 0x0000000089b00000, 0x0000000089b00000|
|  80|0x0000000089c00000, 0x0000000089c00000, 0x0000000089d00000|  0%| F|  |TS  0|AC  0|TAMS 0x0000000089c00000, 0x0000000089c00000|
|  81|0x0000000089d00000, 0x0000000089d00000, 0x0000000089e00000|  0%| F|  |TS  0|AC  0|TAMS 0x0000000089d00000, 0x0000000089d00000|
|  82|0x0000000089e00000, 0x0000000089e00000, 0x0000000089f00000|  0%| F|  |TS  0|AC  0|TAMS 0x0000000089e00000, 0x0000000089e00000|
|  83|0x0000000089f00000, 0x0000000089f00000, 0x000000008a000000|  0%| F|  |TS  0|AC  0|TAMS 0x0000000089f00000, 0x0000000089f00000|
|  84|0x000000008a000000, 0x000000008a000000, 0x000000008a100000|  0%| F|  |TS  0|AC  0|TAMS 0x000000008a000000, 0x000000008a000000|
|  85|0x000000008a100000, 0x000000008a100000, 0x000000008a200000|  0%| F|  |TS  0|AC  0|TAMS 0x000000008a100000, 0x000000008a100000|
|  86|0x000000008a200000, 0x000000008a200000, 0x000000008a300000|  0%| F|  |TS  0|AC  0|TAMS 0x000000008a200000, 0x000000008a200000|
|  87|0x000000008a300000, 0x000000008a300000, 0x000000008a400000|  0%| F|  |TS  0|AC  0|TAMS 0x000000008a300000, 0x000000008a300000|
|  88|0x000000008a400000, 0x000000008a400000, 0x000000008a500000|  0%| F|  |TS  0|AC  0|TAMS 0x000000008a400000, 0x000000008a400000|
|  89|0x000000008a500000, 0x000000008a500000, 0x000000008a600000|  0%| F|  |TS  0|AC  0|TAMS 0x000000008a500000, 0x000000008a500000|
|  90|0x000000008a600000, 0x000000008a600000, 0x000000008a700000|  0%| F|  |TS  0|AC  0|TAMS 0x000000008a600000, 0x000000008a600000|
|  91|0x000000008a700000, 0x000000008a700000, 0x000000008a800000|  0%| F|  |TS  0|AC  0|TAMS 0x000000008a700000, 0x000000008a700000|
|  92|0x000000008a800000, 0x000000008a800000, 0x000000008a900000|  0%| F|  |TS  0|AC  0|TAMS 0x000000008a800000, 0x000000008a800000|
|  93|0x000000008a900000, 0x000000008a900000, 0x000000008aa00000|  0%| F|  |TS  0|AC  0|TAMS 0x000000008a900000, 0x000000008a900000|
|  94|0x000000008aa00000, 0x000000008aa00000, 0x000000008ab00000|  0%| F|  |TS  0|AC  0|TAMS 0x000000008aa00000, 0x000000008aa00000|
|  95|0x000000008ab00000, 0x000000008ab00000, 0x000000008ac00000|  0%| F|  |TS  0|AC  0|TAMS 0x000000008ab00000, 0x000000008ab00000|
|  96|0x000000008ac00000, 0x000000008ac00000, 0x000000008ad00000|  0%| F|  |TS  0|AC  0|TAMS 0x000000008ac00000, 0x000000008ac00000|
|  97|0x000000008ad00000, 0x000000008ad00000, 0x000000008ae00000|  0%| F|  |TS  0|AC  0|TAMS 0x000000008ad00000, 0x000000008ad00000|
|  98|0x000000008ae00000, 0x000000008ae00000, 0x000000008af00000|  0%| F|  |TS  0|AC  0|TAMS 0x000000008ae00000, 0x000000008ae00000|
|  99|0x000000008af00000, 0x000000008af00000, 0x000000008b000000|  0%| F|  |TS  0|AC  0|TAMS 0x000000008af00000, 0x000000008af00000|
| 100|0x000000008b000000, 0x000000008b000000, 0x000000008b100000|  0%| F|  |TS  0|AC  0|TAMS 0x000000008b000000, 0x000000008b000000|
| 101|0x000000008b100000, 0x000000008b100000, 0x000000008b200000|  0%| F|  |TS  0|AC  0|TAMS 0x000000008b100000, 0x000000008b100000|
| 102|0x000000008b200000, 0x000000008b200000, 0x000000008b300000|  0%| F|  |TS  0|AC  0|TAMS 0x000000008b200000, 0x000000008b200000|
| 103|0x000000008b300000, 0x000000008b300000, 0x000000008b400000|  0%| F|  |TS  0|AC  0|TAMS 0x000000008b300000, 0x000000008b300000|
| 104|0x000000008b400000, 0x000000008b400000, 0x000000008b500000|  0%| F|  |TS  0|AC  0|TAMS 0x000000008b400000, 0x000000008b400000|
| 105|0x000000008b500000, 0x000000008b500000, 0x000000008b600000|  0%| F|  |TS  0|AC  0|TAMS 0x000000008b500000, 0x000000008b500000|
| 106|0x000000008b600000, 0x000000008b600000, 0x000000008b700000|  0%| F|  |TS  0|AC  0|TAMS 0x000000008b600000, 0x000000008b600000|
| 107|0x000000008b700000, 0x000000008b700000, 0x000000008b800000|  0%| F|  |TS  0|AC  0|TAMS 0x000000008b700000, 0x000000008b700000|
| 108|0x000000008b800000, 0x000000008b800000, 0x000000008b900000|  0%| F|  |TS  0|AC  0|TAMS 0x000000008b800000, 0x000000008b800000|
| 109|0x000000008b900000, 0x000000008b900000, 0x000000008ba00000|  0%| F|  |TS  0|AC  0|TAMS 0x000000008b900000, 0x000000008b900000|
| 110|0x000000008ba00000, 0x000000008ba00000, 0x000000008bb00000|  0%| F|  |TS  0|AC  0|TAMS 0x000000008ba00000, 0x000000008ba00000|
| 111|0x000000008bb00000, 0x000000008bb00000, 0x000000008bc00000|  0%| F|  |TS  0|AC  0|TAMS 0x000000008bb00000, 0x000000008bb00000|
| 112|0x000000008bc00000, 0x000000008bc00000, 0x000000008bd00000|  0%| F|  |TS  0|AC  0|TAMS 0x000000008bc00000, 0x000000008bc00000|
| 113|0x000000008bd00000, 0x000000008bd00000, 0x000000008be00000|  0%| F|  |TS  0|AC  0|TAMS 0x000000008bd00000, 0x000000008bd00000|
| 114|0x000000008be00000, 0x000000008be00000, 0x000000008bf00000|  0%| F|  |TS  0|AC  0|TAMS 0x000000008be00000, 0x000000008be00000|
| 115|0x000000008bf00000, 0x000000008bf00000, 0x000000008c000000|  0%| F|  |TS  0|AC  0|TAMS 0x000000008bf00000, 0x000000008bf00000|
| 116|0x000000008c000000, 0x000000008c000000, 0x000000008c100000|  0%| F|  |TS  0|AC  0|TAMS 0x000000008c000000, 0x000000008c000000|
| 117|0x000000008c100000, 0x000000008c100000, 0x000000008c200000|  0%| F|  |TS  0|AC  0|TAMS 0x000000008c100000, 0x000000008c100000|
| 118|0x000000008c200000, 0x000000008c200000, 0x000000008c300000|  0%| F|  |TS  0|AC  0|TAMS 0x000000008c200000, 0x000000008c200000|
| 119|0x000000008c300000, 0x000000008c300000, 0x000000008c400000|  0%| F|  |TS  0|AC  0|TAMS 0x000000008c300000, 0x000000008c300000|
| 120|0x000000008c400000, 0x000000008c400000, 0x000000008c500000|  0%| F|  |TS  0|AC  0|TAMS 0x000000008c400000, 0x000000008c400000|
| 121|0x000000008c500000, 0x000000008c600000, 0x000000008c600000|100%| E|  |TS  0|AC  0|TAMS 0x000000008c500000, 0x000000008c500000|
| 122|0x000000008c600000, 0x000000008c700000, 0x000000008c700000|100%| E|CS|TS  0|AC  0|TAMS 0x000000008c600000, 0x000000008c600000|
| 123|0x000000008c700000, 0x000000008c800000, 0x000000008c800000|100%| E|CS|TS  0|AC  0|TAMS 0x000000008c700000, 0x000000008c700000|

Card table byte_map: [0x00007f15b784c000,0x00007f15b7c26000] byte_map_base: 0x00007f15b7426000

Marking Bits (Prev, Next): (CMBitMap*) 0x00007f15f805f670, (CMBitMap*) 0x00007f15f805f6a8
 Prev Bits: [0x00007f15b55a2000, 0x00007f15b7472000)
 Next Bits: [0x00007f15b36d2000, 0x00007f15b55a2000)

Polling page: 0x00007f15ff891000

CodeHeap 'non-profiled nmethods': size=120032Kb used=55Kb max_used=55Kb free=119976Kb
 bounds [0x00007f15e4fc5000, 0x00007f15e5235000, 0x00007f15ec4fd000]
CodeHeap 'profiled nmethods': size=120032Kb used=340Kb max_used=340Kb free=119691Kb
 bounds [0x00007f15dda8d000, 0x00007f15ddcfd000, 0x00007f15e4fc5000]
CodeHeap 'non-nmethods': size=5696Kb used=1155Kb max_used=1164Kb free=4540Kb
 bounds [0x00007f15dd4fd000, 0x00007f15dd76d000, 0x00007f15dda8d000]
 total_blobs=578 nmethods=220 adapters=208
 compilation: enabled

Compilation events (10 events):
Event: 0,415 Thread 0x00007f15f818c800  218       3       java.lang.String::split (324 bytes)
Event: 0,428 Thread 0x00007f15f818c800 nmethod 218 0x00007f15ddad9d10 code [0x00007f15ddada380, 0x00007f15ddade7f8]
Event: 0,428 Thread 0x00007f15f818c800  215       3       java.util.ArrayList::<init> (12 bytes)
Event: 0,429 Thread 0x00007f15f818c800 nmethod 215 0x00007f15ddadff10 code [0x00007f15ddae00e0, 0x00007f15ddae03d0]
Event: 0,429 Thread 0x00007f15f818c800  217       3       java.util.ArrayList::newCapacity (65 bytes)
Event: 0,429 Thread 0x00007f15f818c800 nmethod 217 0x00007f15ddae0510 code [0x00007f15ddae0720, 0x00007f15ddae0cf8]
Event: 0,429 Thread 0x00007f15f818c800  219       3       java.util.ArrayList::get (15 bytes)
Event: 0,430 Thread 0x00007f15f818c800 nmethod 219 0x00007f15ddae0f10 code [0x00007f15ddae1140, 0x00007f15ddae1928]
Event: 0,430 Thread 0x00007f15f818c800  220       3       java.util.ArrayList::elementData (7 bytes)
Event: 0,430 Thread 0x00007f15f818c800 nmethod 220 0x00007f15ddae1c90 code [0x00007f15ddae1e40, 0x00007f15ddae1fb0]

GC Heap History (0 events):
No events

Deoptimization events (0 events):
No events

Classes redefined (10 events):
Event: 4193,208 Thread 0x00007f15f815a800 redefined class name=BitSlice, count=1
Event: 4193,209 Thread 0x00007f15f815a800 redefined class name=Experiments, count=6
Event: 4397,082 Thread 0x00007f15f815a800 redefined class name=BitSlice, count=2
Event: 5347,111 Thread 0x00007f15f815a800 redefined class name=Experiments, count=7
Event: 5589,603 Thread 0x00007f15f815a800 redefined class name=Experiments, count=8
Event: 5675,978 Thread 0x00007f15f815a800 redefined class name=BitSlice, count=3
Event: 5675,979 Thread 0x00007f15f815a800 redefined class name=Experiments, count=9
Event: 5749,007 Thread 0x00007f15f815a800 redefined class name=BitSlice, count=4
Event: 5907,009 Thread 0x00007f15f815a800 redefined class name=BitSlice, count=5
Event: 5955,080 Thread 0x00007f15f815a800 redefined class name=BitSlice, count=6

Internal exceptions (0 events):
No events

Events (10 events):
Event: 5955,081 Executing VM operation: RedefineClasses done
Event: 5955,081 Executing VM operation: GetFrameCount
Event: 5955,081 Executing VM operation: GetFrameCount done
Event: 5955,081 Executing VM operation: GetFrameCount
Event: 5955,081 Executing VM operation: GetFrameCount done
Event: 5955,081 Executing VM operation: GetFrameLocation
Event: 5955,081 Executing VM operation: GetFrameLocation done
Event: 5955,082 Executing VM operation: GetFrameLocation
Event: 5955,082 Executing VM operation: GetFrameLocation done
Event: 5955,082 Executing VM operation: GetOrSetLocal


Dynamic libraries:
00400000-00401000 r-xp 00000000 08:02 3431659                            /usr/lib/jvm/java-9-oracle/bin/java
00600000-00601000 rw-p 00000000 08:02 3431659                            /usr/lib/jvm/java-9-oracle/bin/java
022e1000-02302000 rw-p 00000000 00:00 0                                  [heap]
84c00000-8c800000 rw-p 00000000 00:00 0 
8c800000-100000000 ---p 00000000 00:00 0 
100000000-100080000 rw-p 00000000 00:00 0 
100080000-140000000 ---p 00000000 00:00 0 
7f1568000000-7f1568021000 rw-p 00000000 00:00 0 
7f1568021000-7f156c000000 ---p 00000000 00:00 0 
7f1570000000-7f1570021000 rw-p 00000000 00:00 0 
7f1570021000-7f1574000000 ---p 00000000 00:00 0 
7f1574000000-7f1574021000 rw-p 00000000 00:00 0 
7f1574021000-7f1578000000 ---p 00000000 00:00 0 
7f1578000000-7f1578025000 rw-p 00000000 00:00 0 
7f1578025000-7f157c000000 ---p 00000000 00:00 0 
7f157c000000-7f157c021000 rw-p 00000000 00:00 0 
7f157c021000-7f1580000000 ---p 00000000 00:00 0 
7f1580000000-7f1580021000 rw-p 00000000 00:00 0 
7f1580021000-7f1584000000 ---p 00000000 00:00 0 
7f1584000000-7f1584021000 rw-p 00000000 00:00 0 
7f1584021000-7f1588000000 ---p 00000000 00:00 0 
7f158b1a1000-7f158b4cf000 rw-p 00000000 00:00 0 
7f158b4cf000-7f158b4d0000 ---p 00000000 00:00 0 
7f158b4d0000-7f158b5d0000 rw-p 00000000 00:00 0 
7f158b5d0000-7f158b5d4000 ---p 00000000 00:00 0 
7f158b5d4000-7f158b6d1000 rw-p 00000000 00:00 0 
7f158b6d1000-7f158b6d5000 ---p 00000000 00:00 0 
7f158b6d5000-7f158b7d2000 rw-p 00000000 00:00 0 
7f158b7d2000-7f158b7d6000 ---p 00000000 00:00 0 
7f158b7d6000-7f158b8d3000 rw-p 00000000 00:00 0 
7f158b8d3000-7f158b8d7000 ---p 00000000 00:00 0 
7f158b8d7000-7f158b9d4000 rw-p 00000000 00:00 0 
7f158b9d4000-7f158b9d8000 r-xp 00000000 08:02 3432381                    /usr/lib/jvm/java-9-oracle/lib/libdt_socket.so
7f158b9d8000-7f158bbd7000 ---p 00004000 08:02 3432381                    /usr/lib/jvm/java-9-oracle/lib/libdt_socket.so
7f158bbd7000-7f158bbd8000 rw-p 00003000 08:02 3432381                    /usr/lib/jvm/java-9-oracle/lib/libdt_socket.so
7f158bbd8000-7f158bbee000 r-xp 00000000 08:02 3432337                    /usr/lib/jvm/java-9-oracle/lib/libnet.so
7f158bbee000-7f158bdee000 ---p 00016000 08:02 3432337                    /usr/lib/jvm/java-9-oracle/lib/libnet.so
7f158bdee000-7f158bdef000 rw-p 00016000 08:02 3432337                    /usr/lib/jvm/java-9-oracle/lib/libnet.so
7f158bdef000-7f158bdff000 r-xp 00000000 08:02 3432383                    /usr/lib/jvm/java-9-oracle/lib/libnio.so
7f158bdff000-7f158bfff000 ---p 00010000 08:02 3432383                    /usr/lib/jvm/java-9-oracle/lib/libnio.so
7f158bfff000-7f158c000000 rw-p 00010000 08:02 3432383                    /usr/lib/jvm/java-9-oracle/lib/libnio.so
7f158c000000-7f158c021000 rw-p 00000000 00:00 0 
7f158c021000-7f1590000000 ---p 00000000 00:00 0 
7f1590000000-7f159019b000 rw-p 00000000 00:00 0 
7f159019b000-7f1594000000 ---p 00000000 00:00 0 
7f1594000000-7f1594021000 rw-p 00000000 00:00 0 
7f1594021000-7f1598000000 ---p 00000000 00:00 0 
7f1598000000-7f159807f000 rw-p 00000000 00:00 0 
7f159807f000-7f159c000000 ---p 00000000 00:00 0 
7f159c000000-7f159c021000 rw-p 00000000 00:00 0 
7f159c021000-7f15a0000000 ---p 00000000 00:00 0 
7f15a0000000-7f15a0021000 rw-p 00000000 00:00 0 
7f15a0021000-7f15a4000000 ---p 00000000 00:00 0 
7f15a4000000-7f15a4021000 rw-p 00000000 00:00 0 
7f15a4021000-7f15a8000000 ---p 00000000 00:00 0 
7f15a8000000-7f15a8021000 rw-p 00000000 00:00 0 
7f15a8021000-7f15ac000000 ---p 00000000 00:00 0 
7f15ac000000-7f15ac021000 rw-p 00000000 00:00 0 
7f15ac021000-7f15b0000000 ---p 00000000 00:00 0 
7f15b00f4000-7f15b00f8000 ---p 00000000 00:00 0 
7f15b00f8000-7f15b01f5000 rw-p 00000000 00:00 0 
7f15b01f5000-7f15b01f9000 ---p 00000000 00:00 0 
7f15b01f9000-7f15b02f6000 rw-p 00000000 00:00 0 
7f15b02f6000-7f15b02fa000 ---p 00000000 00:00 0 
7f15b02fa000-7f15b03f7000 rw-p 00000000 00:00 0 
7f15b03f7000-7f15b03fb000 ---p 00000000 00:00 0 
7f15b03fb000-7f15b04f8000 rw-p 00000000 00:00 0 
7f15b04f8000-7f15b04fc000 ---p 00000000 00:00 0 
7f15b04fc000-7f15b05f9000 rw-p 00000000 00:00 0 
7f15b05f9000-7f15b05fd000 ---p 00000000 00:00 0 
7f15b05fd000-7f15b06fa000 rw-p 00000000 00:00 0 
7f15b06fa000-7f15b06fe000 ---p 00000000 00:00 0 
7f15b06fe000-7f15b07fb000 rw-p 00000000 00:00 0 
7f15b07fb000-7f15b07ff000 ---p 00000000 00:00 0 
7f15b07ff000-7f15b08fc000 rw-p 00000000 00:00 0 
7f15b08fc000-7f15b08fd000 ---p 00000000 00:00 0 
7f15b08fd000-7f15b0fce000 rw-p 00000000 00:00 0 
7f15b0fce000-7f15b12ce000 ---p 00000000 00:00 0 
7f15b12ce000-7f15b16d2000 rw-p 00000000 00:00 0 
7f15b16d2000-7f15b36d2000 rwxp 00000000 00:00 0 
7f15b36d2000-7f15b38c2000 rw-p 00000000 00:00 0 
7f15b38c2000-7f15b55a2000 ---p 00000000 00:00 0 
7f15b55a2000-7f15b5792000 rw-p 00000000 00:00 0 
7f15b5792000-7f15b7472000 ---p 00000000 00:00 0 
7f15b7472000-7f15b74b0000 rw-p 00000000 00:00 0 
7f15b74b0000-7f15b784c000 ---p 00000000 00:00 0 
7f15b784c000-7f15b788a000 rw-p 00000000 00:00 0 
7f15b788a000-7f15b8000000 ---p 00000000 00:00 0 
7f15b8000000-7f15b8021000 rw-p 00000000 00:00 0 
7f15b8021000-7f15bc000000 ---p 00000000 00:00 0 
7f15bc000000-7f15bc021000 rw-p 00000000 00:00 0 
7f15bc021000-7f15c0000000 ---p 00000000 00:00 0 
7f15c0000000-7f15c0021000 rw-p 00000000 00:00 0 
7f15c0021000-7f15c4000000 ---p 00000000 00:00 0 
7f15c4000000-7f15c4021000 rw-p 00000000 00:00 0 
7f15c4021000-7f15c8000000 ---p 00000000 00:00 0 
7f15c8000000-7f15c8021000 rw-p 00000000 00:00 0 
7f15c8021000-7f15cc000000 ---p 00000000 00:00 0 
7f15cc000000-7f15cc021000 rw-p 00000000 00:00 0 
7f15cc021000-7f15d0000000 ---p 00000000 00:00 0 
7f15d0000000-7f15d0021000 rw-p 00000000 00:00 0 
7f15d0021000-7f15d4000000 ---p 00000000 00:00 0 
7f15d4000000-7f15d4021000 rw-p 00000000 00:00 0 
7f15d4021000-7f15d8000000 ---p 00000000 00:00 0 
7f15d8000000-7f15d8021000 rw-p 00000000 00:00 0 
7f15d8021000-7f15dc000000 ---p 00000000 00:00 0 
7f15dc03e000-7f15dc03f000 ---p 00000000 00:00 0 
7f15dc03f000-7f15dc13f000 rw-p 00000000 00:00 0 
7f15dc13f000-7f15dc140000 ---p 00000000 00:00 0 
7f15dc140000-7f15dc27e000 rw-p 00000000 00:00 0 
7f15dc27e000-7f15dc61a000 ---p 00000000 00:00 0 
7f15dc61a000-7f15dc61b000 ---p 00000000 00:00 0 
7f15dc61b000-7f15dc71b000 rw-p 00000000 00:00 0 
7f15dc71b000-7f15dc71c000 ---p 00000000 00:00 0 
7f15dc71c000-7f15dc81c000 rw-p 00000000 00:00 0 
7f15dc81c000-7f15dc81d000 ---p 00000000 00:00 0 
7f15dc81d000-7f15dc91d000 rw-p 00000000 00:00 0 
7f15dc91d000-7f15dc91e000 ---p 00000000 00:00 0 
7f15dc91e000-7f15dca1e000 rw-p 00000000 00:00 0 
7f15dca1e000-7f15dca1f000 ---p 00000000 00:00 0 
7f15dca1f000-7f15dcf23000 rw-p 00000000 00:00 0 
7f15dcf23000-7f15dcf24000 ---p 00000000 00:00 0 
7f15dcf24000-7f15dd024000 rw-p 00000000 00:00 0 
7f15dd024000-7f15dd025000 ---p 00000000 00:00 0 
7f15dd025000-7f15dd125000 rw-p 00000000 00:00 0 
7f15dd125000-7f15dd126000 ---p 00000000 00:00 0 
7f15dd126000-7f15dd226000 rw-p 00000000 00:00 0 
7f15dd226000-7f15dd227000 ---p 00000000 00:00 0 
7f15dd227000-7f15dd32c000 rw-p 00000000 00:00 0 
7f15dd32c000-7f15dd412000 ---p 00000000 00:00 0 
7f15dd412000-7f15dd417000 rw-p 00000000 00:00 0 
7f15dd417000-7f15dd4fd000 ---p 00000000 00:00 0 
7f15dd4fd000-7f15dd76d000 rwxp 00000000 00:00 0 
7f15dd76d000-7f15dda8d000 ---p 00000000 00:00 0 
7f15dda8d000-7f15ddcfd000 rwxp 00000000 00:00 0 
7f15ddcfd000-7f15e4fc5000 ---p 00000000 00:00 0 
7f15e4fc5000-7f15e5235000 rwxp 00000000 00:00 0 
7f15e5235000-7f15ec4fd000 ---p 00000000 00:00 0 
7f15ec4fd000-7f15f79ba000 r--s 00000000 08:02 3432364                    /usr/lib/jvm/java-9-oracle/lib/modules
7f15f79ba000-7f15f79d4000 r-xp 00000000 08:02 3432313                    /usr/lib/jvm/java-9-oracle/lib/libjimage.so
7f15f79d4000-7f15f7bd3000 ---p 0001a000 08:02 3432313                    /usr/lib/jvm/java-9-oracle/lib/libjimage.so
7f15f7bd3000-7f15f7bd5000 rw-p 00019000 08:02 3432313                    /usr/lib/jvm/java-9-oracle/lib/libjimage.so
7f15f7bd5000-7f15f7be7000 rw-p 00000000 00:00 0 
7f15f7be7000-7f15f7bee000 r-xp 00000000 08:02 3432391                    /usr/lib/jvm/java-9-oracle/lib/libzip.so
7f15f7bee000-7f15f7ded000 ---p 00007000 08:02 3432391                    /usr/lib/jvm/java-9-oracle/lib/libzip.so
7f15f7ded000-7f15f7dee000 rw-p 00006000 08:02 3432391                    /usr/lib/jvm/java-9-oracle/lib/libzip.so
7f15f7dee000-7f15f7df9000 r-xp 00000000 08:02 142358                     /lib/x86_64-linux-gnu/libnss_files-2.23.so
7f15f7df9000-7f15f7ff8000 ---p 0000b000 08:02 142358                     /lib/x86_64-linux-gnu/libnss_files-2.23.so
7f15f7ff8000-7f15f7ff9000 r--p 0000a000 08:02 142358                     /lib/x86_64-linux-gnu/libnss_files-2.23.so
7f15f7ff9000-7f15f7ffa000 rw-p 0000b000 08:02 142358                     /lib/x86_64-linux-gnu/libnss_files-2.23.so
7f15f7ffa000-7f15f8000000 rw-p 00000000 00:00 0 
7f15f8000000-7f15f82a2000 rw-p 00000000 00:00 0 
7f15f82a2000-7f15fc000000 ---p 00000000 00:00 0 
7f15fc03c000-7f15fc047000 r-xp 00000000 08:02 142362                     /lib/x86_64-linux-gnu/libnss_nis-2.23.so
7f15fc047000-7f15fc246000 ---p 0000b000 08:02 142362                     /lib/x86_64-linux-gnu/libnss_nis-2.23.so
7f15fc246000-7f15fc247000 r--p 0000a000 08:02 142362                     /lib/x86_64-linux-gnu/libnss_nis-2.23.so
7f15fc247000-7f15fc248000 rw-p 0000b000 08:02 142362                     /lib/x86_64-linux-gnu/libnss_nis-2.23.so
7f15fc248000-7f15fc25e000 r-xp 00000000 08:02 142342                     /lib/x86_64-linux-gnu/libnsl-2.23.so
7f15fc25e000-7f15fc45d000 ---p 00016000 08:02 142342                     /lib/x86_64-linux-gnu/libnsl-2.23.so
7f15fc45d000-7f15fc45e000 r--p 00015000 08:02 142342                     /lib/x86_64-linux-gnu/libnsl-2.23.so
7f15fc45e000-7f15fc45f000 rw-p 00016000 08:02 142342                     /lib/x86_64-linux-gnu/libnsl-2.23.so
7f15fc45f000-7f15fc461000 rw-p 00000000 00:00 0 
7f15fc461000-7f15fc469000 r-xp 00000000 08:02 142353                     /lib/x86_64-linux-gnu/libnss_compat-2.23.so
7f15fc469000-7f15fc668000 ---p 00008000 08:02 142353                     /lib/x86_64-linux-gnu/libnss_compat-2.23.so
7f15fc668000-7f15fc669000 r--p 00007000 08:02 142353                     /lib/x86_64-linux-gnu/libnss_compat-2.23.so
7f15fc669000-7f15fc66a000 rw-p 00008000 08:02 142353                     /lib/x86_64-linux-gnu/libnss_compat-2.23.so
7f15fc66a000-7f15fc943000 r--p 00000000 08:02 3408116                    /usr/lib/locale/locale-archive
7f15fc943000-7f15fc94d000 r-xp 00000000 08:02 3432328                    /usr/lib/jvm/java-9-oracle/lib/libinstrument.so
7f15fc94d000-7f15fcb4c000 ---p 0000a000 08:02 3432328                    /usr/lib/jvm/java-9-oracle/lib/libinstrument.so
7f15fcb4c000-7f15fcb4d000 rw-p 00009000 08:02 3432328                    /usr/lib/jvm/java-9-oracle/lib/libinstrument.so
7f15fcb4d000-7f15fcb88000 r-xp 00000000 08:02 3432375                    /usr/lib/jvm/java-9-oracle/lib/libjdwp.so
7f15fcb88000-7f15fcd87000 ---p 0003b000 08:02 3432375                    /usr/lib/jvm/java-9-oracle/lib/libjdwp.so
7f15fcd87000-7f15fcd88000 rw-p 0003a000 08:02 3432375                    /usr/lib/jvm/java-9-oracle/lib/libjdwp.so
7f15fcd88000-7f15fcd89000 rw-p 00000000 00:00 0 
7f15fcd89000-7f15fcdb4000 r-xp 00000000 08:02 3432330                    /usr/lib/jvm/java-9-oracle/lib/libjava.so
7f15fcdb4000-7f15fcfb3000 ---p 0002b000 08:02 3432330                    /usr/lib/jvm/java-9-oracle/lib/libjava.so
7f15fcfb3000-7f15fcfb5000 rw-p 0002a000 08:02 3432330                    /usr/lib/jvm/java-9-oracle/lib/libjava.so
7f15fcfb5000-7f15fcfc2000 r-xp 00000000 08:02 3432349                    /usr/lib/jvm/java-9-oracle/lib/libverify.so
7f15fcfc2000-7f15fd1c1000 ---p 0000d000 08:02 3432349                    /usr/lib/jvm/java-9-oracle/lib/libverify.so
7f15fd1c1000-7f15fd1c3000 rw-p 0000c000 08:02 3432349                    /usr/lib/jvm/java-9-oracle/lib/libverify.so
7f15fd1c3000-7f15fd1ca000 r-xp 00000000 08:02 142363                     /lib/x86_64-linux-gnu/librt-2.23.so
7f15fd1ca000-7f15fd3c9000 ---p 00007000 08:02 142363                     /lib/x86_64-linux-gnu/librt-2.23.so
7f15fd3c9000-7f15fd3ca000 r--p 00006000 08:02 142363                     /lib/x86_64-linux-gnu/librt-2.23.so
7f15fd3ca000-7f15fd3cb000 rw-p 00007000 08:02 142363                     /lib/x86_64-linux-gnu/librt-2.23.so
7f15fd3cb000-7f15fd4d3000 r-xp 00000000 08:02 132443                     /lib/x86_64-linux-gnu/libm-2.23.so
7f15fd4d3000-7f15fd6d2000 ---p 00108000 08:02 132443                     /lib/x86_64-linux-gnu/libm-2.23.so
7f15fd6d2000-7f15fd6d3000 r--p 00107000 08:02 132443                     /lib/x86_64-linux-gnu/libm-2.23.so
7f15fd6d3000-7f15fd6d4000 rw-p 00108000 08:02 132443                     /lib/x86_64-linux-gnu/libm-2.23.so
7f15fd6d4000-7f15fe6e9000 r-xp 00000000 08:02 3434117                    /usr/lib/jvm/java-9-oracle/lib/server/libjvm.so
7f15fe6e9000-7f15fe8e8000 ---p 01015000 08:02 3434117                    /usr/lib/jvm/java-9-oracle/lib/server/libjvm.so
7f15fe8e8000-7f15fe9b9000 r--p 01014000 08:02 3434117                    /usr/lib/jvm/java-9-oracle/lib/server/libjvm.so
7f15fe9b9000-7f15fe9f0000 rw-p 010e5000 08:02 3434117                    /usr/lib/jvm/java-9-oracle/lib/server/libjvm.so
7f15fe9f0000-7f15fea59000 rw-p 00000000 00:00 0 
7f15fea59000-7f15fec19000 r-xp 00000000 08:02 142345                     /lib/x86_64-linux-gnu/libc-2.23.so
7f15fec19000-7f15fee19000 ---p 001c0000 08:02 142345                     /lib/x86_64-linux-gnu/libc-2.23.so
7f15fee19000-7f15fee1d000 r--p 001c0000 08:02 142345                     /lib/x86_64-linux-gnu/libc-2.23.so
7f15fee1d000-7f15fee1f000 rw-p 001c4000 08:02 142345                     /lib/x86_64-linux-gnu/libc-2.23.so
7f15fee1f000-7f15fee23000 rw-p 00000000 00:00 0 
7f15fee23000-7f15fee26000 r-xp 00000000 08:02 142347                     /lib/x86_64-linux-gnu/libdl-2.23.so
7f15fee26000-7f15ff025000 ---p 00003000 08:02 142347                     /lib/x86_64-linux-gnu/libdl-2.23.so
7f15ff025000-7f15ff026000 r--p 00002000 08:02 142347                     /lib/x86_64-linux-gnu/libdl-2.23.so
7f15ff026000-7f15ff027000 rw-p 00003000 08:02 142347                     /lib/x86_64-linux-gnu/libdl-2.23.so
7f15ff027000-7f15ff035000 r-xp 00000000 08:02 3434118                    /usr/lib/jvm/java-9-oracle/lib/jli/libjli.so
7f15ff035000-7f15ff235000 ---p 0000e000 08:02 3434118                    /usr/lib/jvm/java-9-oracle/lib/jli/libjli.so
7f15ff235000-7f15ff236000 rw-p 0000e000 08:02 3434118                    /usr/lib/jvm/java-9-oracle/lib/jli/libjli.so
7f15ff236000-7f15ff24e000 r-xp 00000000 08:02 142344                     /lib/x86_64-linux-gnu/libpthread-2.23.so
7f15ff24e000-7f15ff44d000 ---p 00018000 08:02 142344                     /lib/x86_64-linux-gnu/libpthread-2.23.so
7f15ff44d000-7f15ff44e000 r--p 00017000 08:02 142344                     /lib/x86_64-linux-gnu/libpthread-2.23.so
7f15ff44e000-7f15ff44f000 rw-p 00018000 08:02 142344                     /lib/x86_64-linux-gnu/libpthread-2.23.so
7f15ff44f000-7f15ff453000 rw-p 00000000 00:00 0 
7f15ff453000-7f15ff46c000 r-xp 00000000 08:02 174741                     /lib/x86_64-linux-gnu/libz.so.1.2.8
7f15ff46c000-7f15ff66b000 ---p 00019000 08:02 174741                     /lib/x86_64-linux-gnu/libz.so.1.2.8
7f15ff66b000-7f15ff66c000 r--p 00018000 08:02 174741                     /lib/x86_64-linux-gnu/libz.so.1.2.8
7f15ff66c000-7f15ff66d000 rw-p 00019000 08:02 174741                     /lib/x86_64-linux-gnu/libz.so.1.2.8
7f15ff66d000-7f15ff693000 r-xp 00000000 08:02 142343                     /lib/x86_64-linux-gnu/ld-2.23.so
7f15ff69c000-7f15ff75a000 rw-p 00000000 00:00 0 
7f15ff75a000-7f15ff75f000 ---p 00000000 00:00 0 
7f15ff75f000-7f15ff860000 rw-p 00000000 00:00 0 
7f15ff873000-7f15ff87a000 r--s 00000000 08:02 3543011                    /usr/lib/x86_64-linux-gnu/gconv/gconv-modules.cache
7f15ff87a000-7f15ff880000 rw-p 00000000 00:00 0 
7f15ff880000-7f15ff887000 ---p 00000000 00:00 0 
7f15ff887000-7f15ff888000 r--s 00002000 08:02 2108614                    /opt/idea-IU-181.4203.550/lib/rt/debugger-agent-storage.jar
7f15ff888000-7f15ff890000 rw-s 00000000 08:02 6424902                    /tmp/hsperfdata_ctrlaltv/32395
7f15ff890000-7f15ff891000 rw-p 00000000 00:00 0 
7f15ff891000-7f15ff892000 ---p 00000000 00:00 0 
7f15ff892000-7f15ff893000 r--p 00025000 08:02 142343                     /lib/x86_64-linux-gnu/ld-2.23.so
7f15ff893000-7f15ff894000 rw-p 00026000 08:02 142343                     /lib/x86_64-linux-gnu/ld-2.23.so
7f15ff894000-7f15ff895000 rw-p 00000000 00:00 0 
7ffe30db7000-7ffe30dd8000 rw-p 00000000 00:00 0                          [stack]
7ffe30de5000-7ffe30de8000 r--p 00000000 00:00 0                          [vvar]
7ffe30de8000-7ffe30dea000 r-xp 00000000 00:00 0                          [vdso]
ffffffffff600000-ffffffffff601000 r-xp 00000000 00:00 0                  [vsyscall]

VM Arguments:
jvm_args: -agentlib:jdwp=transport=dt_socket,address=127.0.0.1:43196,suspend=y,server=n -javaagent:/opt/idea-IU-181.4203.550/lib/rt/debugger-agent.jar=file:/tmp/capture.props -Dfile.encoding=UTF-8 
java_command: Experiments /home/ctrlaltv/Dropbox/KULeuven/courses/bdap/assignment3/IndexStructures/data/beer.data 326 ;
java_class_path (initial): /home/ctrlaltv/Dropbox/KULeuven/courses/bdap/assignment3/out/production/assignment3:/opt/idea-IU-181.4203.550/lib/idea_rt.jar
Launcher Type: SUN_STANDARD

Logging:
Log output configuration:
#0: stdout all=warning uptime,level,tags
#1: stderr all=off uptime,level,tags

Environment Variables:
PATH=/usr/local/sbin:/usr/local/bin:/usr/sbin:/usr/bin:/sbin:/bin:/usr/games:/usr/local/games
SHELL=/usr/bin/zsh
DISPLAY=:0

Signal Handlers:
SIGSEGV: [libjvm.so+0xd4d370], sa_mask[0]=11111111011111111101111111111110, sa_flags=SA_RESTART|SA_SIGINFO
SIGBUS: [libjvm.so+0xd4d370], sa_mask[0]=11111111011111111101111111111110, sa_flags=SA_RESTART|SA_SIGINFO
SIGFPE: [libjvm.so+0xd4d370], sa_mask[0]=11111111011111111101111111111110, sa_flags=SA_RESTART|SA_SIGINFO
SIGPIPE: [libjvm.so+0xb64780], sa_mask[0]=11111111011111111101111111111110, sa_flags=SA_RESTART|SA_SIGINFO
SIGXFSZ: [libjvm.so+0xb64780], sa_mask[0]=11111111011111111101111111111110, sa_flags=SA_RESTART|SA_SIGINFO
SIGILL: [libjvm.so+0xd4d370], sa_mask[0]=11111111011111111101111111111110, sa_flags=SA_RESTART|SA_SIGINFO
SIGUSR2: [libjvm.so+0xb64640], sa_mask[0]=00100000000000000000000000000000, sa_flags=SA_RESTART|SA_SIGINFO
SIGHUP: [libjvm.so+0xb64850], sa_mask[0]=11111111011111111101111111111110, sa_flags=SA_RESTART|SA_SIGINFO
SIGINT: [libjvm.so+0xb64850], sa_mask[0]=11111111011111111101111111111110, sa_flags=SA_RESTART|SA_SIGINFO
SIGTERM: [libjvm.so+0xb64850], sa_mask[0]=11111111011111111101111111111110, sa_flags=SA_RESTART|SA_SIGINFO
SIGQUIT: [libjvm.so+0xb64850], sa_mask[0]=11111111011111111101111111111110, sa_flags=SA_RESTART|SA_SIGINFO


---------------  S Y S T E M  ---------------

OS:DISTRIB_ID=Ubuntu
DISTRIB_RELEASE=16.04
DISTRIB_CODENAME=xenial
DISTRIB_DESCRIPTION="Ubuntu 16.04.4 LTS"
uname:Linux 4.4.0-116-generic #140-Ubuntu SMP Mon Feb 12 21:23:04 UTC 2018 x86_64
libc:glibc 2.23 NPTL 2.23 
rlimit: STACK 8192k, CORE 0k, NPROC 31090, NOFILE 1048576, AS infinity
load average:2,94 1,74 1,27

/proc/meminfo:
MemTotal:        8070968 kB
MemFree:          417836 kB
MemAvailable:    2602380 kB
Buffers:          184848 kB
Cached:          2675836 kB
SwapCached:           56 kB
Active:          5228448 kB
Inactive:        2095324 kB
Active(anon):    3987904 kB
Inactive(anon):   997448 kB
Active(file):    1240544 kB
Inactive(file):  1097876 kB
Unevictable:          32 kB
Mlocked:              32 kB
SwapTotal:       8284156 kB
SwapFree:        8277292 kB
Dirty:               872 kB
Writeback:             0 kB
AnonPages:       4465316 kB
Mapped:          1167268 kB
Shmem:            522244 kB
Slab:             181628 kB
SReclaimable:     135156 kB
SUnreclaim:        46472 kB
KernelStack:       24032 kB
PageTables:        57680 kB
NFS_Unstable:          0 kB
Bounce:                0 kB
WritebackTmp:          0 kB
CommitLimit:    12319640 kB
Committed_AS:   15012472 kB
VmallocTotal:   34359738367 kB
VmallocUsed:           0 kB
VmallocChunk:          0 kB
HardwareCorrupted:     0 kB
AnonHugePages:   1871872 kB
CmaTotal:              0 kB
CmaFree:               0 kB
HugePages_Total:       0
HugePages_Free:        0
HugePages_Rsvd:        0
HugePages_Surp:        0
Hugepagesize:       2048 kB
DirectMap4k:      154592 kB
DirectMap2M:     8130560 kB
DirectMap1G:           0 kB


CPU:total 4 (initial active 4) (2 cores per cpu, 2 threads per core) family 6 model 69 stepping 1, cmov, cx8, fxsr, mmx, sse, sse2, sse3, ssse3, sse4.1, sse4.2, popcnt, avx, avx2, aes, clmul, erms, lzcnt, ht, tsc, tscinvbit, bmi1, bmi2, fma
CPU Model and flags from /proc/cpuinfo:
model name	: Intel(R) Core(TM) i7-4500U CPU @ 1.80GHz
flags		: fpu vme de pse tsc msr pae mce cx8 apic sep mtrr pge mca cmov pat pse36 clflush dts acpi mmx fxsr sse sse2 ss ht tm pbe syscall nx pdpe1gb rdtscp lm constant_tsc arch_perfmon pebs bts rep_good nopl xtopology nonstop_tsc aperfmperf eagerfpu pni pclmulqdq dtes64 monitor ds_cpl vmx est tm2 ssse3 sdbg fma cx16 xtpr pdcm pcid sse4_1 sse4_2 movbe popcnt tsc_deadline_timer aes xsave avx f16c rdrand lahf_lm abm epb invpcid_single retpoline kaiser tpr_shadow vnmi flexpriority ept vpid fsgsbase tsc_adjust bmi1 avx2 smep bmi2 erms invpcid xsaveopt dtherm arat pln pts

Memory: 4k page, physical 8070968k(417836k free), swap 8284156k(8277292k free)

vm_info: Java HotSpot(TM) 64-Bit Server VM (9.0.4+11) for linux-amd64 JRE (9.0.4+11), built on Dec 19 2017 18:12:19 by "mach5one" with gcc 4.9.2

END.
