#
# A fatal error has been detected by the Java Runtime Environment:
#
#  SIGSEGV (0xb) at pc=0x00007f57d9b645ef, pid=23351, tid=23377
#
# JRE version: Java(TM) SE Runtime Environment (9.0+11) (build 9.0.4+11)
# Java VM: Java HotSpot(TM) 64-Bit Server VM (9.0.4+11, mixed mode, tiered, compressed oops, g1 gc, linux-amd64)
# Problematic frame:
# V  [libjvm.so+0x7a65ef]  GenerateOopMap::mark_bbheaders_and_count_gc_points()+0x3ff
#
# Core dump will be written. Default location: Core dumps may be processed with "/usr/share/apport/apport %p %s %c %d %P" (or dumping to /home/ctrlaltv/Dropbox/KULeuven/courses/bdap/assignment3/core.23351)
#
# If you would like to submit a bug report, please visit:
#   http://bugreport.java.com/bugreport/crash.jsp
#

---------------  S U M M A R Y ------------

Command Line: -agentlib:jdwp=transport=dt_socket,address=127.0.0.1:43976,suspend=y,server=n -javaagent:/opt/idea-IU-181.4203.550/lib/rt/debugger-agent.jar=file:/tmp/capture.props -Dfile.encoding=UTF-8 Experiments /home/ctrlaltv/Dropbox/KULeuven/courses/bdap/assignment3/IndexStructures/data/beer.data 326 ;

Host: Intel(R) Core(TM) i7-4500U CPU @ 1.80GHz, 4 cores, 7G, Ubuntu 16.04.4 LTS
Time: Tue Apr  3 15:45:20 2018 EEST elapsed time: 399 seconds (0d 0h 6m 39s)

---------------  T H R E A D  ---------------

Current thread (0x00007f57d415a800):  VMThread "VM Thread" [stack: 0x00007f578c5f4000,0x00007f578c6f4000] [id=23377]

Stack: [0x00007f578c5f4000,0x00007f578c6f4000],  sp=0x00007f578c6f26b0,  free space=1017k
Native frames: (J=compiled Java code, A=aot compiled Java code, j=interpreted, Vv=VM code, C=native code)
V  [libjvm.so+0x7a65ef]  GenerateOopMap::mark_bbheaders_and_count_gc_points()+0x3ff
V  [libjvm.so+0x7b05ec]  GenerateOopMap::compute_map(Thread*)+0x25c
V  [libjvm.so+0xb5a587]  OopMapForCacheEntry::compute_map(Thread*)+0x67
V  [libjvm.so+0xb5b1fc]  OopMapCacheEntry::fill(methodHandle, int)+0x12c
V  [libjvm.so+0xb5ba42]  OopMapCache::compute_one_oop_map(methodHandle const&, int, InterpreterOopMap*)+0x102
V  [libjvm.so+0xb5bd56]  OopMapCache::lookup(methodHandle const&, int, InterpreterOopMap*) const+0x216
V  [libjvm.so+0xafb584]  Method::mask_for(int, InterpreterOopMap*)+0x74
V  [libjvm.so+0x9a5a4d]  VM_GetOrSetLocal::doit()+0x4d
V  [libjvm.so+0xd5d4f9]  VM_Operation::evaluate()+0x59
V  [libjvm.so+0xd5b243]  VMThread::evaluate_operation(VM_Operation*)+0xc3
V  [libjvm.so+0xd5b7b0]  VMThread::loop()+0x210
V  [libjvm.so+0xd5bcc2]  VMThread::run()+0x72
V  [libjvm.so+0xb6e132]  thread_native_entry(Thread*)+0xf2


siginfo: si_signo: 11 (SIGSEGV), si_code: 128 (SI_KERNEL), si_addr: 0x0000000000000000

Register to memory mapping:

RAX=0x00007f57d40f6df0 is an unknown value
RBX=0x000000000000005b is an unknown value
RCX=
[error occurred during error reporting (printing register info), id 0xb]

Registers:
RAX=0x00007f57d40f6df0, RBX=0x000000000000005b, RCX=0x00000000ffffcb1b, RDX=0x03ffffffffffff2c
RSP=0x00007f578c6f26b0, RBP=0x00007f578c6f2750, RSI=0xffffffffffffcb1b, RDI=0x0000000008000000
R8 =0x0000000000000000, R9 =0x0000000000000018, R10=0x0000000000000800, R11=0x0000000000000001
R12=0x000000000000005b, R13=0x00007f578cb59f5b, R14=0x00007f578c6f2900, R15=0x00000000000000a7
RIP=0x00007f57d9b645ef, EFLAGS=0x0000000000010206, CSGSFS=0x0000000000000033, ERR=0x0000000000000000
  TRAPNO=0x000000000000000d

Top of Stack: (sp=0x00007f578c6f26b0)
0x00007f578c6f26b0:   00007f578c6f26d0 0000000900000000
0x00007f578c6f26c0:   00007f578c6f26f0 00007f578c6f26e0
0x00007f578c6f26d0:   00007f578c6f2970 00007f578c6f26f0
0x00007f578c6f26e0:   0000000000000000 00007f57d40f6d40 

Instructions: (pc=0x00007f57d9b645ef)
0x00007f57d9b645cf:   01 66 c1 c8 08 98 42 8d 0c 20 48 63 f1 49 8b 46
0x00007f57d9b645df:   70 48 89 f2 48 c1 ea 06 bf 01 00 00 00 48 d3 e7
0x00007f57d9b645ef:   48 85 3c d0 0f 85 97 fe ff ff 48 8b 7d 80 ba 01
0x00007f57d9b645ff:   00 00 00 45 31 ed e8 16 b0 cc ff 41 83 46 6c 01 

VM_Operation (0x00007f576f6cfa70): GetOrSetLocal, mode: safepoint, requested by thread 0x00007f57d4289000


---------------  P R O C E S S  ---------------

Java Threads: ( => current thread )
  0x00007f57d42bc000 JavaThread "Service Thread" daemon [_thread_blocked, id=23403, stack(0x00007f576f2cd000,0x00007f576f3ce000)]
  0x00007f5754001000 JavaThread "JDWP Command Reader" daemon [_thread_in_native, id=23397, stack(0x00007f576f3ce000,0x00007f576f4cf000)]
  0x00007f57d428d800 JavaThread "JDWP Event Helper Thread" daemon [_thread_blocked, id=23396, stack(0x00007f576f4cf000,0x00007f576f5d0000)]
  0x00007f57d4289000 JavaThread "JDWP Transport Listener: dt_socket" daemon [_thread_blocked, id=23393, stack(0x00007f576f5d0000,0x00007f576f6d1000)]
  0x00007f57d41ca800 JavaThread "Common-Cleaner" daemon [_thread_blocked, id=23391, stack(0x00007f576f8d5000,0x00007f576f9d6000)]
  0x00007f57d418e000 JavaThread "Sweeper thread" daemon [_thread_blocked, id=23390, stack(0x00007f576fdfe000,0x00007f576feff000)]
  0x00007f57d418c800 JavaThread "C1 CompilerThread2" daemon [_thread_blocked, id=23389, stack(0x00007f576feff000,0x00007f5770000000)]
  0x00007f57d418a800 JavaThread "C2 CompilerThread1" daemon [_thread_blocked, id=23388, stack(0x00007f578c0ee000,0x00007f578c1ef000)]
  0x00007f57d4188800 JavaThread "C2 CompilerThread0" daemon [_thread_blocked, id=23387, stack(0x00007f578c1ef000,0x00007f578c2f0000)]
  0x00007f57d4187000 JavaThread "Signal Dispatcher" daemon [_thread_blocked, id=23386, stack(0x00007f578c2f0000,0x00007f578c3f1000)]
  0x00007f57d416c800 JavaThread "Finalizer" daemon [_thread_blocked, id=23380, stack(0x00007f578c3f1000,0x00007f578c4f2000)]
  0x00007f57d4164800 JavaThread "Reference Handler" daemon [_thread_blocked, id=23379, stack(0x00007f578c4f2000,0x00007f578c5f3000)]
  0x00007f57d4015000 JavaThread "main" [_thread_blocked, id=23353, stack(0x00007f57db445000,0x00007f57db545000)]

Other Threads:
=>0x00007f57d415a800 VMThread "VM Thread" [stack: 0x00007f578c5f4000,0x00007f578c6f4000] [id=23377]
  0x00007f57d42bf800 WatcherThread [stack: 0x00007f576f1cd000,0x00007f576f2cd000] [id=23404]
  0x00007f57d402d000 GCTaskThread "GC Thread#0" [stack: 0x00007f57b8eed000,0x00007f57b8fed000] [id=23364]
  0x00007f57d402e800 GCTaskThread "GC Thread#1" [stack: 0x00007f57b8dec000,0x00007f57b8eec000] [id=23365]
  0x00007f57d4030000 GCTaskThread "GC Thread#2" [stack: 0x00007f57b8ceb000,0x00007f57b8deb000] [id=23366]
  0x00007f57d4032000 GCTaskThread "GC Thread#3" [stack: 0x00007f57b8bea000,0x00007f57b8cea000] [id=23367]
  0x00007f57d4060000 ConcurrentGCThread "G1 Main Marker" [stack: 0x00007f57b81e0000,0x00007f57b82e0000] [id=23373]
  0x00007f57d4062000 ConcurrentGCThread "G1 Marker#0" [stack: 0x00007f57b80df000,0x00007f57b81df000] [id=23374]
  0x00007f57d4039000 ConcurrentGCThread "G1 Refine#0" [stack: 0x00007f57b83e2000,0x00007f57b84e2000] [id=23371]
  0x00007f57d4037800 ConcurrentGCThread "G1 Refine#1" [stack: 0x00007f57b84e3000,0x00007f57b85e3000] [id=23370]
  0x00007f57d4035800 ConcurrentGCThread "G1 Refine#2" [stack: 0x00007f57b85e4000,0x00007f57b86e4000] [id=23369]
  0x00007f57d4034000 ConcurrentGCThread "G1 Refine#3" [stack: 0x00007f57b86e5000,0x00007f57b87e5000] [id=23368]
  0x00007f57d403b000 ConcurrentGCThread "G1 Young RemSet Sampling" [stack: 0x00007f57b82e1000,0x00007f57b83e1000] [id=23372]

Threads with active compile tasks:

VM state:at safepoint (normal execution)

VM Mutex/Monitor currently owned by a thread:  ([mutex/lock_event])
[0x00007f57d4011630] Threads_lock - owner thread: 0x00007f57d415a800

Heap address: 0x0000000084c00000, size: 1972 MB, Compressed Oops mode: 32-bit
Narrow klass base: 0x0000000000000000, Narrow klass shift: 3
Compressed class space size: 1073741824 Address: 0x0000000100000000

Heap:
 garbage-first heap   total 126976K, used 3072K [0x0000000084c00000, 0x0000000084d003e0, 0x0000000100000000)
  region size 1024K, 4 young (4096K), 0 survivors (0K)
 Metaspace       used 5102K, capacity 5264K, committed 5376K, reserved 1056768K
  class space    used 439K, capacity 496K, committed 512K, reserved 1048576K
Heap Regions: E=young(eden), S=young(survivor), O=old, HS=humongous(starts), HC=humongous(continues), CS=collection set, F=free, A=archive, TS=gc time stamp, AC=allocation context, TAMS=top-at-mark-start (previous, next)
|   0|0x0000000084c00000, 0x0000000084c00000, 0x0000000084d00000|  0%| F|  |TS  0|AC  0|TAMS 0x0000000084c00000, 0x0000000084c00000|
|   1|0x0000000084d00000, 0x0000000084d00000, 0x0000000084e00000|  0%| F|  |TS  0|AC  0|TAMS 0x0000000084d00000, 0x0000000084d00000|
|   2|0x0000000084e00000, 0x0000000084e00000, 0x0000000084f00000|  0%| F|  |TS  0|AC  0|TAMS 0x0000000084e00000, 0x0000000084e00000|
|   3|0x0000000084f00000, 0x0000000084f00000, 0x0000000085000000|  0%| F|  |TS  0|AC  0|TAMS 0x0000000084f00000, 0x0000000084f00000|
|   4|0x0000000085000000, 0x0000000085000000, 0x0000000085100000|  0%| F|  |TS  0|AC  0|TAMS 0x0000000085000000, 0x0000000085000000|
|   5|0x0000000085100000, 0x0000000085100000, 0x0000000085200000|  0%| F|  |TS  0|AC  0|TAMS 0x0000000085100000, 0x0000000085100000|
|   6|0x0000000085200000, 0x0000000085200000, 0x0000000085300000|  0%| F|  |TS  0|AC  0|TAMS 0x0000000085200000, 0x0000000085200000|
|   7|0x0000000085300000, 0x0000000085300000, 0x0000000085400000|  0%| F|  |TS  0|AC  0|TAMS 0x0000000085300000, 0x0000000085300000|
|   8|0x0000000085400000, 0x0000000085400000, 0x0000000085500000|  0%| F|  |TS  0|AC  0|TAMS 0x0000000085400000, 0x0000000085400000|
|   9|0x0000000085500000, 0x0000000085500000, 0x0000000085600000|  0%| F|  |TS  0|AC  0|TAMS 0x0000000085500000, 0x0000000085500000|
|  10|0x0000000085600000, 0x0000000085600000, 0x0000000085700000|  0%| F|  |TS  0|AC  0|TAMS 0x0000000085600000, 0x0000000085600000|
|  11|0x0000000085700000, 0x0000000085700000, 0x0000000085800000|  0%| F|  |TS  0|AC  0|TAMS 0x0000000085700000, 0x0000000085700000|
|  12|0x0000000085800000, 0x0000000085800000, 0x0000000085900000|  0%| F|  |TS  0|AC  0|TAMS 0x0000000085800000, 0x0000000085800000|
|  13|0x0000000085900000, 0x0000000085900000, 0x0000000085a00000|  0%| F|  |TS  0|AC  0|TAMS 0x0000000085900000, 0x0000000085900000|
|  14|0x0000000085a00000, 0x0000000085a00000, 0x0000000085b00000|  0%| F|  |TS  0|AC  0|TAMS 0x0000000085a00000, 0x0000000085a00000|
|  15|0x0000000085b00000, 0x0000000085b00000, 0x0000000085c00000|  0%| F|  |TS  0|AC  0|TAMS 0x0000000085b00000, 0x0000000085b00000|
|  16|0x0000000085c00000, 0x0000000085c00000, 0x0000000085d00000|  0%| F|  |TS  0|AC  0|TAMS 0x0000000085c00000, 0x0000000085c00000|
|  17|0x0000000085d00000, 0x0000000085d00000, 0x0000000085e00000|  0%| F|  |TS  0|AC  0|TAMS 0x0000000085d00000, 0x0000000085d00000|
|  18|0x0000000085e00000, 0x0000000085e00000, 0x0000000085f00000|  0%| F|  |TS  0|AC  0|TAMS 0x0000000085e00000, 0x0000000085e00000|
|  19|0x0000000085f00000, 0x0000000085f00000, 0x0000000086000000|  0%| F|  |TS  0|AC  0|TAMS 0x0000000085f00000, 0x0000000085f00000|
|  20|0x0000000086000000, 0x0000000086000000, 0x0000000086100000|  0%| F|  |TS  0|AC  0|TAMS 0x0000000086000000, 0x0000000086000000|
|  21|0x0000000086100000, 0x0000000086100000, 0x0000000086200000|  0%| F|  |TS  0|AC  0|TAMS 0x0000000086100000, 0x0000000086100000|
|  22|0x0000000086200000, 0x0000000086200000, 0x0000000086300000|  0%| F|  |TS  0|AC  0|TAMS 0x0000000086200000, 0x0000000086200000|
|  23|0x0000000086300000, 0x0000000086300000, 0x0000000086400000|  0%| F|  |TS  0|AC  0|TAMS 0x0000000086300000, 0x0000000086300000|
|  24|0x0000000086400000, 0x0000000086400000, 0x0000000086500000|  0%| F|  |TS  0|AC  0|TAMS 0x0000000086400000, 0x0000000086400000|
|  25|0x0000000086500000, 0x0000000086500000, 0x0000000086600000|  0%| F|  |TS  0|AC  0|TAMS 0x0000000086500000, 0x0000000086500000|
|  26|0x0000000086600000, 0x0000000086600000, 0x0000000086700000|  0%| F|  |TS  0|AC  0|TAMS 0x0000000086600000, 0x0000000086600000|
|  27|0x0000000086700000, 0x0000000086700000, 0x0000000086800000|  0%| F|  |TS  0|AC  0|TAMS 0x0000000086700000, 0x0000000086700000|
|  28|0x0000000086800000, 0x0000000086800000, 0x0000000086900000|  0%| F|  |TS  0|AC  0|TAMS 0x0000000086800000, 0x0000000086800000|
|  29|0x0000000086900000, 0x0000000086900000, 0x0000000086a00000|  0%| F|  |TS  0|AC  0|TAMS 0x0000000086900000, 0x0000000086900000|
|  30|0x0000000086a00000, 0x0000000086a00000, 0x0000000086b00000|  0%| F|  |TS  0|AC  0|TAMS 0x0000000086a00000, 0x0000000086a00000|
|  31|0x0000000086b00000, 0x0000000086b00000, 0x0000000086c00000|  0%| F|  |TS  0|AC  0|TAMS 0x0000000086b00000, 0x0000000086b00000|
|  32|0x0000000086c00000, 0x0000000086c00000, 0x0000000086d00000|  0%| F|  |TS  0|AC  0|TAMS 0x0000000086c00000, 0x0000000086c00000|
|  33|0x0000000086d00000, 0x0000000086d00000, 0x0000000086e00000|  0%| F|  |TS  0|AC  0|TAMS 0x0000000086d00000, 0x0000000086d00000|
|  34|0x0000000086e00000, 0x0000000086e00000, 0x0000000086f00000|  0%| F|  |TS  0|AC  0|TAMS 0x0000000086e00000, 0x0000000086e00000|
|  35|0x0000000086f00000, 0x0000000086f00000, 0x0000000087000000|  0%| F|  |TS  0|AC  0|TAMS 0x0000000086f00000, 0x0000000086f00000|
|  36|0x0000000087000000, 0x0000000087000000, 0x0000000087100000|  0%| F|  |TS  0|AC  0|TAMS 0x0000000087000000, 0x0000000087000000|
|  37|0x0000000087100000, 0x0000000087100000, 0x0000000087200000|  0%| F|  |TS  0|AC  0|TAMS 0x0000000087100000, 0x0000000087100000|
|  38|0x0000000087200000, 0x0000000087200000, 0x0000000087300000|  0%| F|  |TS  0|AC  0|TAMS 0x0000000087200000, 0x0000000087200000|
|  39|0x0000000087300000, 0x0000000087300000, 0x0000000087400000|  0%| F|  |TS  0|AC  0|TAMS 0x0000000087300000, 0x0000000087300000|
|  40|0x0000000087400000, 0x0000000087400000, 0x0000000087500000|  0%| F|  |TS  0|AC  0|TAMS 0x0000000087400000, 0x0000000087400000|
|  41|0x0000000087500000, 0x0000000087500000, 0x0000000087600000|  0%| F|  |TS  0|AC  0|TAMS 0x0000000087500000, 0x0000000087500000|
|  42|0x0000000087600000, 0x0000000087600000, 0x0000000087700000|  0%| F|  |TS  0|AC  0|TAMS 0x0000000087600000, 0x0000000087600000|
|  43|0x0000000087700000, 0x0000000087700000, 0x0000000087800000|  0%| F|  |TS  0|AC  0|TAMS 0x0000000087700000, 0x0000000087700000|
|  44|0x0000000087800000, 0x0000000087800000, 0x0000000087900000|  0%| F|  |TS  0|AC  0|TAMS 0x0000000087800000, 0x0000000087800000|
|  45|0x0000000087900000, 0x0000000087900000, 0x0000000087a00000|  0%| F|  |TS  0|AC  0|TAMS 0x0000000087900000, 0x0000000087900000|
|  46|0x0000000087a00000, 0x0000000087a00000, 0x0000000087b00000|  0%| F|  |TS  0|AC  0|TAMS 0x0000000087a00000, 0x0000000087a00000|
|  47|0x0000000087b00000, 0x0000000087b00000, 0x0000000087c00000|  0%| F|  |TS  0|AC  0|TAMS 0x0000000087b00000, 0x0000000087b00000|
|  48|0x0000000087c00000, 0x0000000087c00000, 0x0000000087d00000|  0%| F|  |TS  0|AC  0|TAMS 0x0000000087c00000, 0x0000000087c00000|
|  49|0x0000000087d00000, 0x0000000087d00000, 0x0000000087e00000|  0%| F|  |TS  0|AC  0|TAMS 0x0000000087d00000, 0x0000000087d00000|
|  50|0x0000000087e00000, 0x0000000087e00000, 0x0000000087f00000|  0%| F|  |TS  0|AC  0|TAMS 0x0000000087e00000, 0x0000000087e00000|
|  51|0x0000000087f00000, 0x0000000087f00000, 0x0000000088000000|  0%| F|  |TS  0|AC  0|TAMS 0x0000000087f00000, 0x0000000087f00000|
|  52|0x0000000088000000, 0x0000000088000000, 0x0000000088100000|  0%| F|  |TS  0|AC  0|TAMS 0x0000000088000000, 0x0000000088000000|
|  53|0x0000000088100000, 0x0000000088100000, 0x0000000088200000|  0%| F|  |TS  0|AC  0|TAMS 0x0000000088100000, 0x0000000088100000|
|  54|0x0000000088200000, 0x0000000088200000, 0x0000000088300000|  0%| F|  |TS  0|AC  0|TAMS 0x0000000088200000, 0x0000000088200000|
|  55|0x0000000088300000, 0x0000000088300000, 0x0000000088400000|  0%| F|  |TS  0|AC  0|TAMS 0x0000000088300000, 0x0000000088300000|
|  56|0x0000000088400000, 0x0000000088400000, 0x0000000088500000|  0%| F|  |TS  0|AC  0|TAMS 0x0000000088400000, 0x0000000088400000|
|  57|0x0000000088500000, 0x0000000088500000, 0x0000000088600000|  0%| F|  |TS  0|AC  0|TAMS 0x0000000088500000, 0x0000000088500000|
|  58|0x0000000088600000, 0x0000000088600000, 0x0000000088700000|  0%| F|  |TS  0|AC  0|TAMS 0x0000000088600000, 0x0000000088600000|
|  59|0x0000000088700000, 0x0000000088700000, 0x0000000088800000|  0%| F|  |TS  0|AC  0|TAMS 0x0000000088700000, 0x0000000088700000|
|  60|0x0000000088800000, 0x0000000088800000, 0x0000000088900000|  0%| F|  |TS  0|AC  0|TAMS 0x0000000088800000, 0x0000000088800000|
|  61|0x0000000088900000, 0x0000000088900000, 0x0000000088a00000|  0%| F|  |TS  0|AC  0|TAMS 0x0000000088900000, 0x0000000088900000|
|  62|0x0000000088a00000, 0x0000000088a00000, 0x0000000088b00000|  0%| F|  |TS  0|AC  0|TAMS 0x0000000088a00000, 0x0000000088a00000|
|  63|0x0000000088b00000, 0x0000000088b00000, 0x0000000088c00000|  0%| F|  |TS  0|AC  0|TAMS 0x0000000088b00000, 0x0000000088b00000|
|  64|0x0000000088c00000, 0x0000000088c00000, 0x0000000088d00000|  0%| F|  |TS  0|AC  0|TAMS 0x0000000088c00000, 0x0000000088c00000|
|  65|0x0000000088d00000, 0x0000000088d00000, 0x0000000088e00000|  0%| F|  |TS  0|AC  0|TAMS 0x0000000088d00000, 0x0000000088d00000|
|  66|0x0000000088e00000, 0x0000000088e00000, 0x0000000088f00000|  0%| F|  |TS  0|AC  0|TAMS 0x0000000088e00000, 0x0000000088e00000|
|  67|0x0000000088f00000, 0x0000000088f00000, 0x0000000089000000|  0%| F|  |TS  0|AC  0|TAMS 0x0000000088f00000, 0x0000000088f00000|
|  68|0x0000000089000000, 0x0000000089000000, 0x0000000089100000|  0%| F|  |TS  0|AC  0|TAMS 0x0000000089000000, 0x0000000089000000|
|  69|0x0000000089100000, 0x0000000089100000, 0x0000000089200000|  0%| F|  |TS  0|AC  0|TAMS 0x0000000089100000, 0x0000000089100000|
|  70|0x0000000089200000, 0x0000000089200000, 0x0000000089300000|  0%| F|  |TS  0|AC  0|TAMS 0x0000000089200000, 0x0000000089200000|
|  71|0x0000000089300000, 0x0000000089300000, 0x0000000089400000|  0%| F|  |TS  0|AC  0|TAMS 0x0000000089300000, 0x0000000089300000|
|  72|0x0000000089400000, 0x0000000089400000, 0x0000000089500000|  0%| F|  |TS  0|AC  0|TAMS 0x0000000089400000, 0x0000000089400000|
|  73|0x0000000089500000, 0x0000000089500000, 0x0000000089600000|  0%| F|  |TS  0|AC  0|TAMS 0x0000000089500000, 0x0000000089500000|
|  74|0x0000000089600000, 0x0000000089600000, 0x0000000089700000|  0%| F|  |TS  0|AC  0|TAMS 0x0000000089600000, 0x0000000089600000|
|  75|0x0000000089700000, 0x0000000089700000, 0x0000000089800000|  0%| F|  |TS  0|AC  0|TAMS 0x0000000089700000, 0x0000000089700000|
|  76|0x0000000089800000, 0x0000000089800000, 0x0000000089900000|  0%| F|  |TS  0|AC  0|TAMS 0x0000000089800000, 0x0000000089800000|
|  77|0x0000000089900000, 0x0000000089900000, 0x0000000089a00000|  0%| F|  |TS  0|AC  0|TAMS 0x0000000089900000, 0x0000000089900000|
|  78|0x0000000089a00000, 0x0000000089a00000, 0x0000000089b00000|  0%| F|  |TS  0|AC  0|TAMS 0x0000000089a00000, 0x0000000089a00000|
|  79|0x0000000089b00000, 0x0000000089b00000, 0x0000000089c00000|  0%| F|  |TS  0|AC  0|TAMS 0x0000000089b00000, 0x0000000089b00000|
|  80|0x0000000089c00000, 0x0000000089c00000, 0x0000000089d00000|  0%| F|  |TS  0|AC  0|TAMS 0x0000000089c00000, 0x0000000089c00000|
|  81|0x0000000089d00000, 0x0000000089d00000, 0x0000000089e00000|  0%| F|  |TS  0|AC  0|TAMS 0x0000000089d00000, 0x0000000089d00000|
|  82|0x0000000089e00000, 0x0000000089e00000, 0x0000000089f00000|  0%| F|  |TS  0|AC  0|TAMS 0x0000000089e00000, 0x0000000089e00000|
|  83|0x0000000089f00000, 0x0000000089f00000, 0x000000008a000000|  0%| F|  |TS  0|AC  0|TAMS 0x0000000089f00000, 0x0000000089f00000|
|  84|0x000000008a000000, 0x000000008a000000, 0x000000008a100000|  0%| F|  |TS  0|AC  0|TAMS 0x000000008a000000, 0x000000008a000000|
|  85|0x000000008a100000, 0x000000008a100000, 0x000000008a200000|  0%| F|  |TS  0|AC  0|TAMS 0x000000008a100000, 0x000000008a100000|
|  86|0x000000008a200000, 0x000000008a200000, 0x000000008a300000|  0%| F|  |TS  0|AC  0|TAMS 0x000000008a200000, 0x000000008a200000|
|  87|0x000000008a300000, 0x000000008a300000, 0x000000008a400000|  0%| F|  |TS  0|AC  0|TAMS 0x000000008a300000, 0x000000008a300000|
|  88|0x000000008a400000, 0x000000008a400000, 0x000000008a500000|  0%| F|  |TS  0|AC  0|TAMS 0x000000008a400000, 0x000000008a400000|
|  89|0x000000008a500000, 0x000000008a500000, 0x000000008a600000|  0%| F|  |TS  0|AC  0|TAMS 0x000000008a500000, 0x000000008a500000|
|  90|0x000000008a600000, 0x000000008a600000, 0x000000008a700000|  0%| F|  |TS  0|AC  0|TAMS 0x000000008a600000, 0x000000008a600000|
|  91|0x000000008a700000, 0x000000008a700000, 0x000000008a800000|  0%| F|  |TS  0|AC  0|TAMS 0x000000008a700000, 0x000000008a700000|
|  92|0x000000008a800000, 0x000000008a800000, 0x000000008a900000|  0%| F|  |TS  0|AC  0|TAMS 0x000000008a800000, 0x000000008a800000|
|  93|0x000000008a900000, 0x000000008a900000, 0x000000008aa00000|  0%| F|  |TS  0|AC  0|TAMS 0x000000008a900000, 0x000000008a900000|
|  94|0x000000008aa00000, 0x000000008aa00000, 0x000000008ab00000|  0%| F|  |TS  0|AC  0|TAMS 0x000000008aa00000, 0x000000008aa00000|
|  95|0x000000008ab00000, 0x000000008ab00000, 0x000000008ac00000|  0%| F|  |TS  0|AC  0|TAMS 0x000000008ab00000, 0x000000008ab00000|
|  96|0x000000008ac00000, 0x000000008ac00000, 0x000000008ad00000|  0%| F|  |TS  0|AC  0|TAMS 0x000000008ac00000, 0x000000008ac00000|
|  97|0x000000008ad00000, 0x000000008ad00000, 0x000000008ae00000|  0%| F|  |TS  0|AC  0|TAMS 0x000000008ad00000, 0x000000008ad00000|
|  98|0x000000008ae00000, 0x000000008ae00000, 0x000000008af00000|  0%| F|  |TS  0|AC  0|TAMS 0x000000008ae00000, 0x000000008ae00000|
|  99|0x000000008af00000, 0x000000008af00000, 0x000000008b000000|  0%| F|  |TS  0|AC  0|TAMS 0x000000008af00000, 0x000000008af00000|
| 100|0x000000008b000000, 0x000000008b000000, 0x000000008b100000|  0%| F|  |TS  0|AC  0|TAMS 0x000000008b000000, 0x000000008b000000|
| 101|0x000000008b100000, 0x000000008b100000, 0x000000008b200000|  0%| F|  |TS  0|AC  0|TAMS 0x000000008b100000, 0x000000008b100000|
| 102|0x000000008b200000, 0x000000008b200000, 0x000000008b300000|  0%| F|  |TS  0|AC  0|TAMS 0x000000008b200000, 0x000000008b200000|
| 103|0x000000008b300000, 0x000000008b300000, 0x000000008b400000|  0%| F|  |TS  0|AC  0|TAMS 0x000000008b300000, 0x000000008b300000|
| 104|0x000000008b400000, 0x000000008b400000, 0x000000008b500000|  0%| F|  |TS  0|AC  0|TAMS 0x000000008b400000, 0x000000008b400000|
| 105|0x000000008b500000, 0x000000008b500000, 0x000000008b600000|  0%| F|  |TS  0|AC  0|TAMS 0x000000008b500000, 0x000000008b500000|
| 106|0x000000008b600000, 0x000000008b600000, 0x000000008b700000|  0%| F|  |TS  0|AC  0|TAMS 0x000000008b600000, 0x000000008b600000|
| 107|0x000000008b700000, 0x000000008b700000, 0x000000008b800000|  0%| F|  |TS  0|AC  0|TAMS 0x000000008b700000, 0x000000008b700000|
| 108|0x000000008b800000, 0x000000008b800000, 0x000000008b900000|  0%| F|  |TS  0|AC  0|TAMS 0x000000008b800000, 0x000000008b800000|
| 109|0x000000008b900000, 0x000000008b900000, 0x000000008ba00000|  0%| F|  |TS  0|AC  0|TAMS 0x000000008b900000, 0x000000008b900000|
| 110|0x000000008ba00000, 0x000000008ba00000, 0x000000008bb00000|  0%| F|  |TS  0|AC  0|TAMS 0x000000008ba00000, 0x000000008ba00000|
| 111|0x000000008bb00000, 0x000000008bb00000, 0x000000008bc00000|  0%| F|  |TS  0|AC  0|TAMS 0x000000008bb00000, 0x000000008bb00000|
| 112|0x000000008bc00000, 0x000000008bc00000, 0x000000008bd00000|  0%| F|  |TS  0|AC  0|TAMS 0x000000008bc00000, 0x000000008bc00000|
| 113|0x000000008bd00000, 0x000000008bd00000, 0x000000008be00000|  0%| F|  |TS  0|AC  0|TAMS 0x000000008bd00000, 0x000000008bd00000|
| 114|0x000000008be00000, 0x000000008be00000, 0x000000008bf00000|  0%| F|  |TS  0|AC  0|TAMS 0x000000008be00000, 0x000000008be00000|
| 115|0x000000008bf00000, 0x000000008bf00000, 0x000000008c000000|  0%| F|  |TS  0|AC  0|TAMS 0x000000008bf00000, 0x000000008bf00000|
| 116|0x000000008c000000, 0x000000008c000000, 0x000000008c100000|  0%| F|  |TS  0|AC  0|TAMS 0x000000008c000000, 0x000000008c000000|
| 117|0x000000008c100000, 0x000000008c100000, 0x000000008c200000|  0%| F|  |TS  0|AC  0|TAMS 0x000000008c100000, 0x000000008c100000|
| 118|0x000000008c200000, 0x000000008c200000, 0x000000008c300000|  0%| F|  |TS  0|AC  0|TAMS 0x000000008c200000, 0x000000008c200000|
| 119|0x000000008c300000, 0x000000008c300000, 0x000000008c400000|  0%| F|  |TS  0|AC  0|TAMS 0x000000008c300000, 0x000000008c300000|
| 120|0x000000008c400000, 0x000000008c448da0, 0x000000008c500000| 28%| E|  |TS  0|AC  0|TAMS 0x000000008c400000, 0x000000008c400000|
| 121|0x000000008c500000, 0x000000008c600000, 0x000000008c600000|100%| E|CS|TS  0|AC  0|TAMS 0x000000008c500000, 0x000000008c500000|
| 122|0x000000008c600000, 0x000000008c700000, 0x000000008c700000|100%| E|CS|TS  0|AC  0|TAMS 0x000000008c600000, 0x000000008c600000|
| 123|0x000000008c700000, 0x000000008c800000, 0x000000008c800000|100%| E|CS|TS  0|AC  0|TAMS 0x000000008c700000, 0x000000008c700000|

Card table byte_map: [0x00007f5793472000,0x00007f579384c000] byte_map_base: 0x00007f579304c000

Marking Bits (Prev, Next): (CMBitMap*) 0x00007f57d405f670, (CMBitMap*) 0x00007f57d405f6a8
 Prev Bits: [0x00007f57911c8000, 0x00007f5793098000)
 Next Bits: [0x00007f578f2f8000, 0x00007f57911c8000)

Polling page: 0x00007f57db57b000

CodeHeap 'non-profiled nmethods': size=120032Kb used=51Kb max_used=51Kb free=119980Kb
 bounds [0x00007f57c0ba0000, 0x00007f57c0e10000, 0x00007f57c80d8000]
CodeHeap 'profiled nmethods': size=120032Kb used=214Kb max_used=214Kb free=119817Kb
 bounds [0x00007f57b9668000, 0x00007f57b98d8000, 0x00007f57c0ba0000]
CodeHeap 'non-nmethods': size=5696Kb used=1153Kb max_used=1162Kb free=4542Kb
 bounds [0x00007f57b90d8000, 0x00007f57b9348000, 0x00007f57b9668000]
 total_blobs=518 nmethods=166 adapters=208
 compilation: enabled

Compilation events (10 events):
Event: 0,386 Thread 0x00007f57d4188800 nmethod 158 0x00007f57c0bac710 code [0x00007f57c0bac8a0, 0x00007f57c0baca58]
Event: 0,387 Thread 0x00007f57d418c800 nmethod 162 0x00007f57b969c110 code [0x00007f57b969c340, 0x00007f57b969c868]
Event: 0,387 Thread 0x00007f57d418c800  163       3       java.util.ArrayList$SubList$1::checkForComodification (26 bytes)
Event: 0,390 Thread 0x00007f57d418c800 nmethod 163 0x00007f57b969cb10 code [0x00007f57b969cce0, 0x00007f57b969cf28]
Event: 0,390 Thread 0x00007f57d418c800  160       3       java.util.AbstractList::<init> (10 bytes)
Event: 0,390 Thread 0x00007f57d418c800 nmethod 160 0x00007f57b969d090 code [0x00007f57b969d240, 0x00007f57b969d450]
Event: 0,390 Thread 0x00007f57d418c800  166       3       java.util.ArrayList$SubList::checkForComodification (23 bytes)
Event: 0,390 Thread 0x00007f57d418c800 nmethod 166 0x00007f57b969d510 code [0x00007f57b969d6e0, 0x00007f57b969d908]
Event: 0,390 Thread 0x00007f57d418c800  161       1       java.util.ArrayList::size (5 bytes)
Event: 0,390 Thread 0x00007f57d418c800 nmethod 161 0x00007f57c0bacb90 code [0x00007f57c0bacd40, 0x00007f57c0bace50]

GC Heap History (0 events):
No events

Deoptimization events (0 events):
No events

Classes redefined (3 events):
Event: 146,799 Thread 0x00007f57d415a800 redefined class name=BitSlice, count=1
Event: 212,026 Thread 0x00007f57d415a800 redefined class name=BitSlice, count=2
Event: 399,051 Thread 0x00007f57d415a800 redefined class name=BitSlice, count=3

Internal exceptions (0 events):
No events

Events (10 events):
Event: 399,053 Executing VM operation: GetFrameLocation done
Event: 399,053 Executing VM operation: GetOrSetLocal
Event: 399,053 Executing VM operation: GetOrSetLocal done
Event: 399,060 Executing VM operation: ChangeBreakpoints
Event: 399,061 Executing VM operation: ChangeBreakpoints done
Event: 399,130 Executing VM operation: GetFrameCount
Event: 399,130 Executing VM operation: GetFrameCount done
Event: 399,130 Executing VM operation: GetFrameLocation
Event: 399,130 Executing VM operation: GetFrameLocation done
Event: 399,139 Executing VM operation: GetOrSetLocal


Dynamic libraries:
00400000-00401000 r-xp 00000000 08:02 3431659                            /usr/lib/jvm/java-9-oracle/bin/java
00600000-00601000 rw-p 00000000 08:02 3431659                            /usr/lib/jvm/java-9-oracle/bin/java
020ec000-0210d000 rw-p 00000000 00:00 0                                  [heap]
84c00000-8c800000 rw-p 00000000 00:00 0 
8c800000-100000000 ---p 00000000 00:00 0 
100000000-100080000 rw-p 00000000 00:00 0 
100080000-140000000 ---p 00000000 00:00 0 
7f5744000000-7f5744021000 rw-p 00000000 00:00 0 
7f5744021000-7f5748000000 ---p 00000000 00:00 0 
7f574c000000-7f574c021000 rw-p 00000000 00:00 0 
7f574c021000-7f5750000000 ---p 00000000 00:00 0 
7f5750000000-7f5750021000 rw-p 00000000 00:00 0 
7f5750021000-7f5754000000 ---p 00000000 00:00 0 
7f5754000000-7f5754025000 rw-p 00000000 00:00 0 
7f5754025000-7f5758000000 ---p 00000000 00:00 0 
7f5758000000-7f5758021000 rw-p 00000000 00:00 0 
7f5758021000-7f575c000000 ---p 00000000 00:00 0 
7f575c000000-7f575c021000 rw-p 00000000 00:00 0 
7f575c021000-7f5760000000 ---p 00000000 00:00 0 
7f5760000000-7f5760021000 rw-p 00000000 00:00 0 
7f5760021000-7f5764000000 ---p 00000000 00:00 0 
7f5764000000-7f5764030000 rw-p 00000000 00:00 0 
7f5764030000-7f5768000000 ---p 00000000 00:00 0 
7f5768000000-7f576803a000 rw-p 00000000 00:00 0 
7f576803a000-7f576c000000 ---p 00000000 00:00 0 
7f576ee9e000-7f576f1cc000 rw-p 00000000 00:00 0 
7f576f1cc000-7f576f1cd000 ---p 00000000 00:00 0 
7f576f1cd000-7f576f2cd000 rw-p 00000000 00:00 0 
7f576f2cd000-7f576f2d1000 ---p 00000000 00:00 0 
7f576f2d1000-7f576f3ce000 rw-p 00000000 00:00 0 
7f576f3ce000-7f576f3d2000 ---p 00000000 00:00 0 
7f576f3d2000-7f576f4cf000 rw-p 00000000 00:00 0 
7f576f4cf000-7f576f4d3000 ---p 00000000 00:00 0 
7f576f4d3000-7f576f5d0000 rw-p 00000000 00:00 0 
7f576f5d0000-7f576f5d4000 ---p 00000000 00:00 0 
7f576f5d4000-7f576f6d1000 rw-p 00000000 00:00 0 
7f576f6d1000-7f576f6d5000 r-xp 00000000 08:02 3432381                    /usr/lib/jvm/java-9-oracle/lib/libdt_socket.so
7f576f6d5000-7f576f8d4000 ---p 00004000 08:02 3432381                    /usr/lib/jvm/java-9-oracle/lib/libdt_socket.so
7f576f8d4000-7f576f8d5000 rw-p 00003000 08:02 3432381                    /usr/lib/jvm/java-9-oracle/lib/libdt_socket.so
7f576f8d5000-7f576f8d9000 ---p 00000000 00:00 0 
7f576f8d9000-7f576f9d6000 rw-p 00000000 00:00 0 
7f576f9d6000-7f576f9ec000 r-xp 00000000 08:02 3432337                    /usr/lib/jvm/java-9-oracle/lib/libnet.so
7f576f9ec000-7f576fbec000 ---p 00016000 08:02 3432337                    /usr/lib/jvm/java-9-oracle/lib/libnet.so
7f576fbec000-7f576fbed000 rw-p 00016000 08:02 3432337                    /usr/lib/jvm/java-9-oracle/lib/libnet.so
7f576fbed000-7f576fbfd000 r-xp 00000000 08:02 3432383                    /usr/lib/jvm/java-9-oracle/lib/libnio.so
7f576fbfd000-7f576fdfd000 ---p 00010000 08:02 3432383                    /usr/lib/jvm/java-9-oracle/lib/libnio.so
7f576fdfd000-7f576fdfe000 rw-p 00010000 08:02 3432383                    /usr/lib/jvm/java-9-oracle/lib/libnio.so
7f576fdfe000-7f576fe02000 ---p 00000000 00:00 0 
7f576fe02000-7f576feff000 rw-p 00000000 00:00 0 
7f576feff000-7f576ff03000 ---p 00000000 00:00 0 
7f576ff03000-7f5770000000 rw-p 00000000 00:00 0 
7f5770000000-7f5770021000 rw-p 00000000 00:00 0 
7f5770021000-7f5774000000 ---p 00000000 00:00 0 
7f5774000000-7f5774122000 rw-p 00000000 00:00 0 
7f5774122000-7f5778000000 ---p 00000000 00:00 0 
7f5778000000-7f5778021000 rw-p 00000000 00:00 0 
7f5778021000-7f577c000000 ---p 00000000 00:00 0 
7f577c000000-7f577c021000 rw-p 00000000 00:00 0 
7f577c021000-7f5780000000 ---p 00000000 00:00 0 
7f5780000000-7f5780021000 rw-p 00000000 00:00 0 
7f5780021000-7f5784000000 ---p 00000000 00:00 0 
7f5784000000-7f5784021000 rw-p 00000000 00:00 0 
7f5784021000-7f5788000000 ---p 00000000 00:00 0 
7f5788000000-7f5788021000 rw-p 00000000 00:00 0 
7f5788021000-7f578c000000 ---p 00000000 00:00 0 
7f578c0ee000-7f578c0f2000 ---p 00000000 00:00 0 
7f578c0f2000-7f578c1ef000 rw-p 00000000 00:00 0 
7f578c1ef000-7f578c1f3000 ---p 00000000 00:00 0 
7f578c1f3000-7f578c2f0000 rw-p 00000000 00:00 0 
7f578c2f0000-7f578c2f4000 ---p 00000000 00:00 0 
7f578c2f4000-7f578c3f1000 rw-p 00000000 00:00 0 
7f578c3f1000-7f578c3f5000 ---p 00000000 00:00 0 
7f578c3f5000-7f578c4f2000 rw-p 00000000 00:00 0 
7f578c4f2000-7f578c4f6000 ---p 00000000 00:00 0 
7f578c4f6000-7f578c5f3000 rw-p 00000000 00:00 0 
7f578c5f3000-7f578c5f4000 ---p 00000000 00:00 0 
7f578c5f4000-7f578cbb4000 rw-p 00000000 00:00 0 
7f578cbb4000-7f578cef4000 ---p 00000000 00:00 0 
7f578cef4000-7f578d2f8000 rw-p 00000000 00:00 0 
7f578d2f8000-7f578f2f8000 rwxp 00000000 00:00 0 
7f578f2f8000-7f578f4e8000 rw-p 00000000 00:00 0 
7f578f4e8000-7f57911c8000 ---p 00000000 00:00 0 
7f57911c8000-7f57913b8000 rw-p 00000000 00:00 0 
7f57913b8000-7f5793098000 ---p 00000000 00:00 0 
7f5793098000-7f57930d6000 rw-p 00000000 00:00 0 
7f57930d6000-7f5793472000 ---p 00000000 00:00 0 
7f5793472000-7f57934b0000 rw-p 00000000 00:00 0 
7f57934b0000-7f5793c26000 ---p 00000000 00:00 0 
7f5793c26000-7f5793c64000 rw-p 00000000 00:00 0 
7f5793c64000-7f5794000000 ---p 00000000 00:00 0 
7f5794000000-7f5794021000 rw-p 00000000 00:00 0 
7f5794021000-7f5798000000 ---p 00000000 00:00 0 
7f5798000000-7f5798021000 rw-p 00000000 00:00 0 
7f5798021000-7f579c000000 ---p 00000000 00:00 0 
7f579c000000-7f579c021000 rw-p 00000000 00:00 0 
7f579c021000-7f57a0000000 ---p 00000000 00:00 0 
7f57a0000000-7f57a0021000 rw-p 00000000 00:00 0 
7f57a0021000-7f57a4000000 ---p 00000000 00:00 0 
7f57a4000000-7f57a4021000 rw-p 00000000 00:00 0 
7f57a4021000-7f57a8000000 ---p 00000000 00:00 0 
7f57a8000000-7f57a8021000 rw-p 00000000 00:00 0 
7f57a8021000-7f57ac000000 ---p 00000000 00:00 0 
7f57ac000000-7f57ac021000 rw-p 00000000 00:00 0 
7f57ac021000-7f57b0000000 ---p 00000000 00:00 0 
7f57b0000000-7f57b0021000 rw-p 00000000 00:00 0 
7f57b0021000-7f57b4000000 ---p 00000000 00:00 0 
7f57b4000000-7f57b4021000 rw-p 00000000 00:00 0 
7f57b4021000-7f57b8000000 ---p 00000000 00:00 0 
7f57b8068000-7f57b80de000 rw-p 00000000 00:00 0 
7f57b80de000-7f57b80df000 ---p 00000000 00:00 0 
7f57b80df000-7f57b81df000 rw-p 00000000 00:00 0 
7f57b81df000-7f57b81e0000 ---p 00000000 00:00 0 
7f57b81e0000-7f57b82e0000 rw-p 00000000 00:00 0 
7f57b82e0000-7f57b82e1000 ---p 00000000 00:00 0 
7f57b82e1000-7f57b83e1000 rw-p 00000000 00:00 0 
7f57b83e1000-7f57b83e2000 ---p 00000000 00:00 0 
7f57b83e2000-7f57b84e2000 rw-p 00000000 00:00 0 
7f57b84e2000-7f57b84e3000 ---p 00000000 00:00 0 
7f57b84e3000-7f57b85e3000 rw-p 00000000 00:00 0 
7f57b85e3000-7f57b85e4000 ---p 00000000 00:00 0 
7f57b85e4000-7f57b86e4000 rw-p 00000000 00:00 0 
7f57b86e4000-7f57b86e5000 ---p 00000000 00:00 0 
7f57b86e5000-7f57b8be9000 rw-p 00000000 00:00 0 
7f57b8be9000-7f57b8bea000 ---p 00000000 00:00 0 
7f57b8bea000-7f57b8cea000 rw-p 00000000 00:00 0 
7f57b8cea000-7f57b8ceb000 ---p 00000000 00:00 0 
7f57b8ceb000-7f57b8deb000 rw-p 00000000 00:00 0 
7f57b8deb000-7f57b8dec000 ---p 00000000 00:00 0 
7f57b8dec000-7f57b8eec000 rw-p 00000000 00:00 0 
7f57b8eec000-7f57b8eed000 ---p 00000000 00:00 0 
7f57b8eed000-7f57b8ff2000 rw-p 00000000 00:00 0 
7f57b8ff2000-7f57b90d8000 ---p 00000000 00:00 0 
7f57b90d8000-7f57b9348000 rwxp 00000000 00:00 0 
7f57b9348000-7f57b9668000 ---p 00000000 00:00 0 
7f57b9668000-7f57b98d8000 rwxp 00000000 00:00 0 
7f57b98d8000-7f57c0ba0000 ---p 00000000 00:00 0 
7f57c0ba0000-7f57c0e10000 rwxp 00000000 00:00 0 
7f57c0e10000-7f57c80d8000 ---p 00000000 00:00 0 
7f57c80d8000-7f57d3595000 r--s 00000000 08:02 3432364                    /usr/lib/jvm/java-9-oracle/lib/modules
7f57d3595000-7f57d35af000 r-xp 00000000 08:02 3432313                    /usr/lib/jvm/java-9-oracle/lib/libjimage.so
7f57d35af000-7f57d37ae000 ---p 0001a000 08:02 3432313                    /usr/lib/jvm/java-9-oracle/lib/libjimage.so
7f57d37ae000-7f57d37b0000 rw-p 00019000 08:02 3432313                    /usr/lib/jvm/java-9-oracle/lib/libjimage.so
7f57d37b0000-7f57d37c2000 rw-p 00000000 00:00 0 
7f57d37c2000-7f57d37c9000 r-xp 00000000 08:02 3432391                    /usr/lib/jvm/java-9-oracle/lib/libzip.so
7f57d37c9000-7f57d39c8000 ---p 00007000 08:02 3432391                    /usr/lib/jvm/java-9-oracle/lib/libzip.so
7f57d39c8000-7f57d39c9000 rw-p 00006000 08:02 3432391                    /usr/lib/jvm/java-9-oracle/lib/libzip.so
7f57d39c9000-7f57d39d4000 r-xp 00000000 08:02 142358                     /lib/x86_64-linux-gnu/libnss_files-2.23.so
7f57d39d4000-7f57d3bd3000 ---p 0000b000 08:02 142358                     /lib/x86_64-linux-gnu/libnss_files-2.23.so
7f57d3bd3000-7f57d3bd4000 r--p 0000a000 08:02 142358                     /lib/x86_64-linux-gnu/libnss_files-2.23.so
7f57d3bd4000-7f57d3bd5000 rw-p 0000b000 08:02 142358                     /lib/x86_64-linux-gnu/libnss_files-2.23.so
7f57d3bd5000-7f57d3bdb000 rw-p 00000000 00:00 0 
7f57d3bdb000-7f57d3be6000 r-xp 00000000 08:02 142362                     /lib/x86_64-linux-gnu/libnss_nis-2.23.so
7f57d3be6000-7f57d3de5000 ---p 0000b000 08:02 142362                     /lib/x86_64-linux-gnu/libnss_nis-2.23.so
7f57d3de5000-7f57d3de6000 r--p 0000a000 08:02 142362                     /lib/x86_64-linux-gnu/libnss_nis-2.23.so
7f57d3de6000-7f57d3de7000 rw-p 0000b000 08:02 142362                     /lib/x86_64-linux-gnu/libnss_nis-2.23.so
7f57d3de7000-7f57d3dfd000 r-xp 00000000 08:02 142342                     /lib/x86_64-linux-gnu/libnsl-2.23.so
7f57d3dfd000-7f57d3ffc000 ---p 00016000 08:02 142342                     /lib/x86_64-linux-gnu/libnsl-2.23.so
7f57d3ffc000-7f57d3ffd000 r--p 00015000 08:02 142342                     /lib/x86_64-linux-gnu/libnsl-2.23.so
7f57d3ffd000-7f57d3ffe000 rw-p 00016000 08:02 142342                     /lib/x86_64-linux-gnu/libnsl-2.23.so
7f57d3ffe000-7f57d4000000 rw-p 00000000 00:00 0 
7f57d4000000-7f57d42cb000 rw-p 00000000 00:00 0 
7f57d42cb000-7f57d8000000 ---p 00000000 00:00 0 
7f57d8005000-7f57d8065000 rw-p 00000000 00:00 0 
7f57d8065000-7f57d814b000 ---p 00000000 00:00 0 
7f57d814b000-7f57d8153000 r-xp 00000000 08:02 142353                     /lib/x86_64-linux-gnu/libnss_compat-2.23.so
7f57d8153000-7f57d8352000 ---p 00008000 08:02 142353                     /lib/x86_64-linux-gnu/libnss_compat-2.23.so
7f57d8352000-7f57d8353000 r--p 00007000 08:02 142353                     /lib/x86_64-linux-gnu/libnss_compat-2.23.so
7f57d8353000-7f57d8354000 rw-p 00008000 08:02 142353                     /lib/x86_64-linux-gnu/libnss_compat-2.23.so
7f57d8354000-7f57d862d000 r--p 00000000 08:02 3408116                    /usr/lib/locale/locale-archive
7f57d862d000-7f57d8637000 r-xp 00000000 08:02 3432328                    /usr/lib/jvm/java-9-oracle/lib/libinstrument.so
7f57d8637000-7f57d8836000 ---p 0000a000 08:02 3432328                    /usr/lib/jvm/java-9-oracle/lib/libinstrument.so
7f57d8836000-7f57d8837000 rw-p 00009000 08:02 3432328                    /usr/lib/jvm/java-9-oracle/lib/libinstrument.so
7f57d8837000-7f57d8872000 r-xp 00000000 08:02 3432375                    /usr/lib/jvm/java-9-oracle/lib/libjdwp.so
7f57d8872000-7f57d8a71000 ---p 0003b000 08:02 3432375                    /usr/lib/jvm/java-9-oracle/lib/libjdwp.so
7f57d8a71000-7f57d8a72000 rw-p 0003a000 08:02 3432375                    /usr/lib/jvm/java-9-oracle/lib/libjdwp.so
7f57d8a72000-7f57d8a73000 rw-p 00000000 00:00 0 
7f57d8a73000-7f57d8a9e000 r-xp 00000000 08:02 3432330                    /usr/lib/jvm/java-9-oracle/lib/libjava.so
7f57d8a9e000-7f57d8c9d000 ---p 0002b000 08:02 3432330                    /usr/lib/jvm/java-9-oracle/lib/libjava.so
7f57d8c9d000-7f57d8c9f000 rw-p 0002a000 08:02 3432330                    /usr/lib/jvm/java-9-oracle/lib/libjava.so
7f57d8c9f000-7f57d8cac000 r-xp 00000000 08:02 3432349                    /usr/lib/jvm/java-9-oracle/lib/libverify.so
7f57d8cac000-7f57d8eab000 ---p 0000d000 08:02 3432349                    /usr/lib/jvm/java-9-oracle/lib/libverify.so
7f57d8eab000-7f57d8ead000 rw-p 0000c000 08:02 3432349                    /usr/lib/jvm/java-9-oracle/lib/libverify.so
7f57d8ead000-7f57d8eb4000 r-xp 00000000 08:02 142363                     /lib/x86_64-linux-gnu/librt-2.23.so
7f57d8eb4000-7f57d90b3000 ---p 00007000 08:02 142363                     /lib/x86_64-linux-gnu/librt-2.23.so
7f57d90b3000-7f57d90b4000 r--p 00006000 08:02 142363                     /lib/x86_64-linux-gnu/librt-2.23.so
7f57d90b4000-7f57d90b5000 rw-p 00007000 08:02 142363                     /lib/x86_64-linux-gnu/librt-2.23.so
7f57d90b5000-7f57d91bd000 r-xp 00000000 08:02 132443                     /lib/x86_64-linux-gnu/libm-2.23.so
7f57d91bd000-7f57d93bc000 ---p 00108000 08:02 132443                     /lib/x86_64-linux-gnu/libm-2.23.so
7f57d93bc000-7f57d93bd000 r--p 00107000 08:02 132443                     /lib/x86_64-linux-gnu/libm-2.23.so
7f57d93bd000-7f57d93be000 rw-p 00108000 08:02 132443                     /lib/x86_64-linux-gnu/libm-2.23.so
7f57d93be000-7f57da3d3000 r-xp 00000000 08:02 3434117                    /usr/lib/jvm/java-9-oracle/lib/server/libjvm.so
7f57da3d3000-7f57da5d2000 ---p 01015000 08:02 3434117                    /usr/lib/jvm/java-9-oracle/lib/server/libjvm.so
7f57da5d2000-7f57da6a3000 r--p 01014000 08:02 3434117                    /usr/lib/jvm/java-9-oracle/lib/server/libjvm.so
7f57da6a3000-7f57da6da000 rw-p 010e5000 08:02 3434117                    /usr/lib/jvm/java-9-oracle/lib/server/libjvm.so
7f57da6da000-7f57da743000 rw-p 00000000 00:00 0 
7f57da743000-7f57da903000 r-xp 00000000 08:02 142345                     /lib/x86_64-linux-gnu/libc-2.23.so
7f57da903000-7f57dab03000 ---p 001c0000 08:02 142345                     /lib/x86_64-linux-gnu/libc-2.23.so
7f57dab03000-7f57dab07000 r--p 001c0000 08:02 142345                     /lib/x86_64-linux-gnu/libc-2.23.so
7f57dab07000-7f57dab09000 rw-p 001c4000 08:02 142345                     /lib/x86_64-linux-gnu/libc-2.23.so
7f57dab09000-7f57dab0d000 rw-p 00000000 00:00 0 
7f57dab0d000-7f57dab10000 r-xp 00000000 08:02 142347                     /lib/x86_64-linux-gnu/libdl-2.23.so
7f57dab10000-7f57dad0f000 ---p 00003000 08:02 142347                     /lib/x86_64-linux-gnu/libdl-2.23.so
7f57dad0f000-7f57dad10000 r--p 00002000 08:02 142347                     /lib/x86_64-linux-gnu/libdl-2.23.so
7f57dad10000-7f57dad11000 rw-p 00003000 08:02 142347                     /lib/x86_64-linux-gnu/libdl-2.23.so
7f57dad11000-7f57dad1f000 r-xp 00000000 08:02 3434118                    /usr/lib/jvm/java-9-oracle/lib/jli/libjli.so
7f57dad1f000-7f57daf1f000 ---p 0000e000 08:02 3434118                    /usr/lib/jvm/java-9-oracle/lib/jli/libjli.so
7f57daf1f000-7f57daf20000 rw-p 0000e000 08:02 3434118                    /usr/lib/jvm/java-9-oracle/lib/jli/libjli.so
7f57daf20000-7f57daf38000 r-xp 00000000 08:02 142344                     /lib/x86_64-linux-gnu/libpthread-2.23.so
7f57daf38000-7f57db137000 ---p 00018000 08:02 142344                     /lib/x86_64-linux-gnu/libpthread-2.23.so
7f57db137000-7f57db138000 r--p 00017000 08:02 142344                     /lib/x86_64-linux-gnu/libpthread-2.23.so
7f57db138000-7f57db139000 rw-p 00018000 08:02 142344                     /lib/x86_64-linux-gnu/libpthread-2.23.so
7f57db139000-7f57db13d000 rw-p 00000000 00:00 0 
7f57db13d000-7f57db156000 r-xp 00000000 08:02 174741                     /lib/x86_64-linux-gnu/libz.so.1.2.8
7f57db156000-7f57db355000 ---p 00019000 08:02 174741                     /lib/x86_64-linux-gnu/libz.so.1.2.8
7f57db355000-7f57db356000 r--p 00018000 08:02 174741                     /lib/x86_64-linux-gnu/libz.so.1.2.8
7f57db356000-7f57db357000 rw-p 00019000 08:02 174741                     /lib/x86_64-linux-gnu/libz.so.1.2.8
7f57db357000-7f57db37d000 r-xp 00000000 08:02 142343                     /lib/x86_64-linux-gnu/ld-2.23.so
7f57db386000-7f57db444000 rw-p 00000000 00:00 0 
7f57db444000-7f57db449000 ---p 00000000 00:00 0 
7f57db449000-7f57db54a000 rw-p 00000000 00:00 0 
7f57db55d000-7f57db564000 r--s 00000000 08:02 3543011                    /usr/lib/x86_64-linux-gnu/gconv/gconv-modules.cache
7f57db564000-7f57db56a000 rw-p 00000000 00:00 0 
7f57db56a000-7f57db571000 ---p 00000000 00:00 0 
7f57db571000-7f57db572000 r--s 00002000 08:02 2108614                    /opt/idea-IU-181.4203.550/lib/rt/debugger-agent-storage.jar
7f57db572000-7f57db57a000 rw-s 00000000 08:02 6425895                    /tmp/hsperfdata_ctrlaltv/23351
7f57db57a000-7f57db57b000 rw-p 00000000 00:00 0 
7f57db57b000-7f57db57c000 ---p 00000000 00:00 0 
7f57db57c000-7f57db57d000 r--p 00025000 08:02 142343                     /lib/x86_64-linux-gnu/ld-2.23.so
7f57db57d000-7f57db57e000 rw-p 00026000 08:02 142343                     /lib/x86_64-linux-gnu/ld-2.23.so
7f57db57e000-7f57db57f000 rw-p 00000000 00:00 0 
7ffff73e2000-7ffff7403000 rw-p 00000000 00:00 0                          [stack]
7ffff7493000-7ffff7496000 r--p 00000000 00:00 0                          [vvar]
7ffff7496000-7ffff7498000 r-xp 00000000 00:00 0                          [vdso]
ffffffffff600000-ffffffffff601000 r-xp 00000000 00:00 0                  [vsyscall]

VM Arguments:
jvm_args: -agentlib:jdwp=transport=dt_socket,address=127.0.0.1:43976,suspend=y,server=n -javaagent:/opt/idea-IU-181.4203.550/lib/rt/debugger-agent.jar=file:/tmp/capture.props -Dfile.encoding=UTF-8 
java_command: Experiments /home/ctrlaltv/Dropbox/KULeuven/courses/bdap/assignment3/IndexStructures/data/beer.data 326 ;
java_class_path (initial): /home/ctrlaltv/Dropbox/KULeuven/courses/bdap/assignment3/out/production/assignment3:/opt/idea-IU-181.4203.550/lib/idea_rt.jar
Launcher Type: SUN_STANDARD

Logging:
Log output configuration:
#0: stdout all=warning uptime,level,tags
#1: stderr all=off uptime,level,tags

Environment Variables:
PATH=/usr/local/sbin:/usr/local/bin:/usr/sbin:/usr/bin:/sbin:/bin:/usr/games:/usr/local/games
SHELL=/usr/bin/zsh
DISPLAY=:0

Signal Handlers:
SIGSEGV: [libjvm.so+0xd4d370], sa_mask[0]=11111111011111111101111111111110, sa_flags=SA_RESTART|SA_SIGINFO
SIGBUS: [libjvm.so+0xd4d370], sa_mask[0]=11111111011111111101111111111110, sa_flags=SA_RESTART|SA_SIGINFO
SIGFPE: [libjvm.so+0xd4d370], sa_mask[0]=11111111011111111101111111111110, sa_flags=SA_RESTART|SA_SIGINFO
SIGPIPE: [libjvm.so+0xb64780], sa_mask[0]=11111111011111111101111111111110, sa_flags=SA_RESTART|SA_SIGINFO
SIGXFSZ: [libjvm.so+0xb64780], sa_mask[0]=11111111011111111101111111111110, sa_flags=SA_RESTART|SA_SIGINFO
SIGILL: [libjvm.so+0xd4d370], sa_mask[0]=11111111011111111101111111111110, sa_flags=SA_RESTART|SA_SIGINFO
SIGUSR2: [libjvm.so+0xb64640], sa_mask[0]=00100000000000000000000000000000, sa_flags=SA_RESTART|SA_SIGINFO
SIGHUP: [libjvm.so+0xb64850], sa_mask[0]=11111111011111111101111111111110, sa_flags=SA_RESTART|SA_SIGINFO
SIGINT: [libjvm.so+0xb64850], sa_mask[0]=11111111011111111101111111111110, sa_flags=SA_RESTART|SA_SIGINFO
SIGTERM: [libjvm.so+0xb64850], sa_mask[0]=11111111011111111101111111111110, sa_flags=SA_RESTART|SA_SIGINFO
SIGQUIT: [libjvm.so+0xb64850], sa_mask[0]=11111111011111111101111111111110, sa_flags=SA_RESTART|SA_SIGINFO


---------------  S Y S T E M  ---------------

OS:DISTRIB_ID=Ubuntu
DISTRIB_RELEASE=16.04
DISTRIB_CODENAME=xenial
DISTRIB_DESCRIPTION="Ubuntu 16.04.4 LTS"
uname:Linux 4.4.0-116-generic #140-Ubuntu SMP Mon Feb 12 21:23:04 UTC 2018 x86_64
libc:glibc 2.23 NPTL 2.23 
rlimit: STACK 8192k, CORE 0k, NPROC 31090, NOFILE 1048576, AS infinity
load average:1,11 0,80 0,72

/proc/meminfo:
MemTotal:        8070968 kB
MemFree:         1858332 kB
MemAvailable:    4041656 kB
Buffers:          142208 kB
Cached:          2676980 kB
SwapCached:            0 kB
Active:          4020240 kB
Inactive:        1928288 kB
Active(anon):    3130992 kB
Inactive(anon):   466584 kB
Active(file):     889248 kB
Inactive(file):  1461704 kB
Unevictable:          32 kB
Mlocked:              32 kB
SwapTotal:       8284156 kB
SwapFree:        8284156 kB
Dirty:               972 kB
Writeback:             0 kB
AnonPages:       3129560 kB
Mapped:          1044428 kB
Shmem:            468240 kB
Slab:             146908 kB
SReclaimable:     107652 kB
SUnreclaim:        39256 kB
KernelStack:       15728 kB
PageTables:        41060 kB
NFS_Unstable:          0 kB
Bounce:                0 kB
WritebackTmp:          0 kB
CommitLimit:    12319640 kB
Committed_AS:   10185852 kB
VmallocTotal:   34359738367 kB
VmallocUsed:           0 kB
VmallocChunk:          0 kB
HardwareCorrupted:     0 kB
AnonHugePages:    808960 kB
CmaTotal:              0 kB
CmaFree:               0 kB
HugePages_Total:       0
HugePages_Free:        0
HugePages_Rsvd:        0
HugePages_Surp:        0
Hugepagesize:       2048 kB
DirectMap4k:      125920 kB
DirectMap2M:     8159232 kB
DirectMap1G:           0 kB


CPU:total 4 (initial active 4) (2 cores per cpu, 2 threads per core) family 6 model 69 stepping 1, cmov, cx8, fxsr, mmx, sse, sse2, sse3, ssse3, sse4.1, sse4.2, popcnt, avx, avx2, aes, clmul, erms, lzcnt, ht, tsc, tscinvbit, bmi1, bmi2, fma
CPU Model and flags from /proc/cpuinfo:
model name	: Intel(R) Core(TM) i7-4500U CPU @ 1.80GHz
flags		: fpu vme de pse tsc msr pae mce cx8 apic sep mtrr pge mca cmov pat pse36 clflush dts acpi mmx fxsr sse sse2 ss ht tm pbe syscall nx pdpe1gb rdtscp lm constant_tsc arch_perfmon pebs bts rep_good nopl xtopology nonstop_tsc aperfmperf eagerfpu pni pclmulqdq dtes64 monitor ds_cpl vmx est tm2 ssse3 sdbg fma cx16 xtpr pdcm pcid sse4_1 sse4_2 movbe popcnt tsc_deadline_timer aes xsave avx f16c rdrand lahf_lm abm epb invpcid_single retpoline kaiser tpr_shadow vnmi flexpriority ept vpid fsgsbase tsc_adjust bmi1 avx2 smep bmi2 erms invpcid xsaveopt dtherm arat pln pts

Memory: 4k page, physical 8070968k(1858332k free), swap 8284156k(8284156k free)

vm_info: Java HotSpot(TM) 64-Bit Server VM (9.0.4+11) for linux-amd64 JRE (9.0.4+11), built on Dec 19 2017 18:12:19 by "mach5one" with gcc 4.9.2

END.
